2019-05-19 14:49:23.240  INFO [tsf-credit,,,] 12972 --- [main] com.tsf.tsfcredit.TsfCreditApplication   : No active profile set, falling back to default profiles: default
2019-05-19 14:49:23.258  INFO [tsf-credit,,,] 12972 --- [main] ConfigServletWebServerApplicationContext : Refreshing org.springframework.boot.web.servlet.context.AnnotationConfigServletWebServerApplicationContext@75c9e76b: startup date [Sun May 19 14:49:23 CST 2019]; parent: org.springframework.context.annotation.AnnotationConfigApplicationContext@45752059
2019-05-19 14:49:23.844  INFO [tsf-credit,,,] 12972 --- [main] o.s.b.f.s.DefaultListableBeanFactory     : Overriding bean definition for bean 'filterRegistrationBean' with a different definition: replacing [Root bean: class [null]; scope=; abstract=false; lazyInit=false; autowireMode=3; dependencyCheck=0; autowireCandidate=true; primary=false; factoryBeanName=org.springframework.tsf.core.config.ContextConfiguration; factoryMethodName=filterRegistrationBean; initMethodName=null; destroyMethodName=(inferred); defined in class path resource [org/springframework/tsf/core/config/ContextConfiguration.class]] with [Root bean: class [null]; scope=; abstract=false; lazyInit=false; autowireMode=3; dependencyCheck=0; autowireCandidate=true; primary=false; factoryBeanName=org.springframework.tsf.ratelimit.config.RatelimitConfiguration; factoryMethodName=filterRegistrationBean; initMethodName=null; destroyMethodName=(inferred); defined in class path resource [org/springframework/tsf/ratelimit/config/RatelimitConfiguration.class]]
2019-05-19 14:49:24.038  INFO [tsf-credit,,,] 12972 --- [main] o.s.cloud.context.scope.GenericScope     : BeanFactory id=aa279c30-69f1-3310-a54a-2e5148608e72
2019-05-19 14:49:24.055  INFO [tsf-credit,,,] 12972 --- [main] f.a.AutowiredAnnotationBeanPostProcessor : JSR-330 'javax.inject.Inject' annotation found and supported for autowiring
2019-05-19 14:49:24.316  INFO [tsf-credit,,,] 12972 --- [main] trationDelegate$BeanPostProcessorChecker : Bean 'org.springframework.cloud.autoconfigure.ConfigurationPropertiesRebinderAutoConfiguration' of type [org.springframework.cloud.autoconfigure.ConfigurationPropertiesRebinderAutoConfiguration$$EnhancerBySpringCGLIB$$cdef58db] is not eligible for getting processed by all BeanPostProcessors (for example: not eligible for auto-proxying)
2019-05-19 14:49:24.332  INFO [tsf-credit,,,] 12972 --- [main] trationDelegate$BeanPostProcessorChecker : Bean 'org.springframework.cloud.consul.config.ConsulConfigAutoConfiguration$ConsulRefreshConfiguration' of type [org.springframework.cloud.consul.config.ConsulConfigAutoConfiguration$ConsulRefreshConfiguration$$EnhancerBySpringCGLIB$$c7e0a3f3] is not eligible for getting processed by all BeanPostProcessors (for example: not eligible for auto-proxying)
2019-05-19 14:49:24.374  INFO [tsf-credit,,,] 12972 --- [main] trationDelegate$BeanPostProcessorChecker : Bean 'org.springframework.cloud.tsf.route.config.TsfRouteFilterAutoConfiguration$TsfRouteAsyncRestTemplateConfig' of type [org.springframework.cloud.tsf.route.config.TsfRouteFilterAutoConfiguration$TsfRouteAsyncRestTemplateConfig$$EnhancerBySpringCGLIB$$eeb71796] is not eligible for getting processed by all BeanPostProcessors (for example: not eligible for auto-proxying)
2019-05-19 14:49:24.382  INFO [tsf-credit,,,] 12972 --- [main] trationDelegate$BeanPostProcessorChecker : Bean 'tsfRouteAsyncRestTemplateInterceptor' of type [org.springframework.cloud.tsf.route.interceptor.TsfRouteAsyncRestTemplateInterceptor] is not eligible for getting processed by all BeanPostProcessors (for example: not eligible for auto-proxying)
2019-05-19 14:49:24.391  INFO [tsf-credit,,,] 12972 --- [main] trationDelegate$BeanPostProcessorChecker : Bean 'org.springframework.cloud.tsf.route.config.TsfRouteFilterAutoConfiguration$TsfRouteRestTemplateConfig' of type [org.springframework.cloud.tsf.route.config.TsfRouteFilterAutoConfiguration$TsfRouteRestTemplateConfig$$EnhancerBySpringCGLIB$$39226c4c] is not eligible for getting processed by all BeanPostProcessors (for example: not eligible for auto-proxying)
2019-05-19 14:49:24.398  INFO [tsf-credit,,,] 12972 --- [main] trationDelegate$BeanPostProcessorChecker : Bean 'tsfRouteRestTemplateInterceptor' of type [org.springframework.cloud.tsf.route.interceptor.TsfRouteRestTemplateInterceptor] is not eligible for getting processed by all BeanPostProcessors (for example: not eligible for auto-proxying)
2019-05-19 14:49:24.405  INFO [tsf-credit,,,] 12972 --- [main] trationDelegate$BeanPostProcessorChecker : Bean 'org.springframework.tsf.core.config.ContextConfiguration$TsfAsyncRestTemplateConfig' of type [org.springframework.tsf.core.config.ContextConfiguration$TsfAsyncRestTemplateConfig$$EnhancerBySpringCGLIB$$be0175fa] is not eligible for getting processed by all BeanPostProcessors (for example: not eligible for auto-proxying)
2019-05-19 14:49:24.604  INFO [tsf-credit,,,] 12972 --- [main] trationDelegate$BeanPostProcessorChecker : Bean 'org.springframework.tsf.core.entity.Metadata' of type [org.springframework.tsf.core.entity.Metadata$$EnhancerBySpringCGLIB$$8172425c] is not eligible for getting processed by all BeanPostProcessors (for example: not eligible for auto-proxying)
2019-05-19 14:49:24.608  INFO [tsf-credit,,,] 12972 --- [main] trationDelegate$BeanPostProcessorChecker : Bean 'tsfAsyncRestTemplateInterceptor' of type [org.springframework.tsf.core.filter.TsfAsyncRestTemplateInterceptor] is not eligible for getting processed by all BeanPostProcessors (for example: not eligible for auto-proxying)
2019-05-19 14:49:24.615  INFO [tsf-credit,,,] 12972 --- [main] trationDelegate$BeanPostProcessorChecker : Bean 'org.springframework.tsf.core.config.ContextConfiguration$TsfRestTemplateConfig' of type [org.springframework.tsf.core.config.ContextConfiguration$TsfRestTemplateConfig$$EnhancerBySpringCGLIB$$93e79f68] is not eligible for getting processed by all BeanPostProcessors (for example: not eligible for auto-proxying)
2019-05-19 14:49:24.622  INFO [tsf-credit,,,] 12972 --- [main] trationDelegate$BeanPostProcessorChecker : Bean 'tsfRestTemplateInterceptor' of type [org.springframework.tsf.core.filter.TsfRestTemplateInterceptor] is not eligible for getting processed by all BeanPostProcessors (for example: not eligible for auto-proxying)
2019-05-19 14:49:24.954  INFO [tsf-credit,,,] 12972 --- [main] o.s.b.w.embedded.tomcat.TomcatWebServer  : Tomcat initialized with port(s): 9018 (http)
2019-05-19 14:49:24.976  INFO [tsf-credit,,,] 12972 --- [main] o.apache.catalina.core.StandardService   : Starting service [Tomcat]
2019-05-19 14:49:24.976  INFO [tsf-credit,,,] 12972 --- [main] org.apache.catalina.core.StandardEngine  : Starting Servlet Engine: Apache Tomcat/8.5.35
2019-05-19 14:49:24.979  INFO [tsf-credit,,,] 12972 --- [localhost-startStop-1] o.a.catalina.core.AprLifecycleListener   : The APR based Apache Tomcat Native library which allows optimal performance in production environments was not found on the java.library.path: [C:\Program Files\Java\jdk1.8.0_201\bin;C:\Windows\Sun\Java\bin;C:\Windows\system32;C:\Windows;C:\Program Files (x86)\Common Files\Oracle\Java\javapath;C:\Program Files (x86)\Intel\Intel(R) Management Engine Components\iCLS\;C:\Program Files\Intel\Intel(R) Management Engine Components\iCLS\;C:\Windows\system32;C:\Windows;C:\Windows\System32\Wbem;C:\Windows\System32\WindowsPowerShell\v1.0\;C:\Windows\System32\OpenSSH\;C:\Program Files (x86)\Intel\Intel(R) Management Engine Components\DAL;C:\Program Files\Intel\Intel(R) Management Engine Components\DAL;C:\Program Files\Intel\WiFi\bin\;C:\Program Files\Common Files\Intel\WirelessCommon\;C:\Program Files (x86)\NVIDIA Corporation\PhysX\Common;D:\Git\cmd;C:\Program Files\Java\jdk1.8.0_201\jre\bin;C:\Program Files\Java\jdk1.8.0_201\bin;%Maven_Home%\bin;C:\Users\anchnet\AppData\Local\Microsoft\WindowsApps;;.]
2019-05-19 14:49:25.106  INFO [tsf-credit,,,] 12972 --- [localhost-startStop-1] o.a.c.c.C.[Tomcat].[localhost].[/]       : Initializing Spring embedded WebApplicationContext
2019-05-19 14:49:25.106  INFO [tsf-credit,,,] 12972 --- [localhost-startStop-1] o.s.web.context.ContextLoader            : Root WebApplicationContext: initialization completed in 1848 ms
2019-05-19 14:49:25.286  WARN [tsf-credit,,,] 12972 --- [localhost-startStop-1] c.n.c.sources.URLConfigurationSource     : No URLs will be polled as dynamic configuration sources.
2019-05-19 14:49:25.286  INFO [tsf-credit,,,] 12972 --- [localhost-startStop-1] c.n.c.sources.URLConfigurationSource     : To enable URLs as dynamic configuration sources, define System property archaius.configurationSource.additionalUrls or make config.properties available on classpath.
2019-05-19 14:49:25.293  INFO [tsf-credit,,,] 12972 --- [localhost-startStop-1] c.netflix.config.DynamicPropertyFactory  : DynamicPropertyFactory is initialized with configuration sources: com.netflix.config.ConcurrentCompositeConfiguration@5f1e29d4
2019-05-19 14:49:26.803  INFO [tsf-credit,,,] 12972 --- [localhost-startStop-1] o.s.b.w.servlet.FilterRegistrationBean   : Mapping filter: 'characterEncodingFilter' to: [/*]
2019-05-19 14:49:26.803  INFO [tsf-credit,,,] 12972 --- [localhost-startStop-1] o.s.b.w.servlet.FilterRegistrationBean   : Mapping filter: 'webMvcMetricsFilter' to: [/*]
2019-05-19 14:49:26.803  INFO [tsf-credit,,,] 12972 --- [localhost-startStop-1] o.s.b.w.servlet.FilterRegistrationBean   : Mapping filter: 'contextFilter' to: [/*]
2019-05-19 14:49:26.804  INFO [tsf-credit,,,] 12972 --- [localhost-startStop-1] o.s.b.w.servlet.FilterRegistrationBean   : Mapping filter: 'tracingFilter' to: [/*]
2019-05-19 14:49:26.804  INFO [tsf-credit,,,] 12972 --- [localhost-startStop-1] o.s.b.w.servlet.FilterRegistrationBean   : Mapping filter: 'exceptionLoggingFilter' to: [/*]
2019-05-19 14:49:26.804  INFO [tsf-credit,,,] 12972 --- [localhost-startStop-1] o.s.b.w.servlet.FilterRegistrationBean   : Mapping filter: 'collectFilter' to: [/*]
2019-05-19 14:49:26.804  INFO [tsf-credit,,,] 12972 --- [localhost-startStop-1] o.s.b.w.servlet.FilterRegistrationBean   : Mapping filter: 'hiddenHttpMethodFilter' to: [/*]
2019-05-19 14:49:26.804  INFO [tsf-credit,,,] 12972 --- [localhost-startStop-1] o.s.b.w.servlet.FilterRegistrationBean   : Mapping filter: 'httpPutFormContentFilter' to: [/*]
2019-05-19 14:49:26.804  INFO [tsf-credit,,,] 12972 --- [localhost-startStop-1] o.s.b.w.servlet.FilterRegistrationBean   : Mapping filter: 'requestContextFilter' to: [/*]
2019-05-19 14:49:26.804  INFO [tsf-credit,,,] 12972 --- [localhost-startStop-1] o.s.b.w.servlet.FilterRegistrationBean   : Mapping filter: 'httpTraceFilter' to: [/*]
2019-05-19 14:49:26.804  INFO [tsf-credit,,,] 12972 --- [localhost-startStop-1] o.s.b.w.servlet.ServletRegistrationBean  : Servlet dispatcherServlet mapped to [/]
2019-05-19 14:49:26.847  INFO [tsf-credit,,,] 12972 --- [main] s.c.a.AnnotationConfigApplicationContext : Refreshing FeignContext-tsf-account: startup date [Sun May 19 14:49:26 CST 2019]; parent: org.springframework.boot.web.servlet.context.AnnotationConfigServletWebServerApplicationContext@75c9e76b
2019-05-19 14:49:26.858  INFO [tsf-credit,,,] 12972 --- [main] f.a.AutowiredAnnotationBeanPostProcessor : JSR-330 'javax.inject.Inject' annotation found and supported for autowiring
2019-05-19 14:49:27.084  WARN [tsf-credit,,,] 12972 --- [main] c.n.c.sources.URLConfigurationSource     : No URLs will be polled as dynamic configuration sources.
2019-05-19 14:49:27.084  INFO [tsf-credit,,,] 12972 --- [main] c.n.c.sources.URLConfigurationSource     : To enable URLs as dynamic configuration sources, define System property archaius.configurationSource.additionalUrls or make config.properties available on classpath.
2019-05-19 14:49:27.169  INFO [tsf-credit,,,] 12972 --- [main] o.s.w.s.handler.SimpleUrlHandlerMapping  : Mapped URL path [/**/favicon.ico] onto handler of type [class org.springframework.web.servlet.resource.ResourceHttpRequestHandler]
2019-05-19 14:49:27.371  INFO [tsf-credit,,,] 12972 --- [main] s.w.s.m.m.a.RequestMappingHandlerAdapter : Looking for @ControllerAdvice: org.springframework.boot.web.servlet.context.AnnotationConfigServletWebServerApplicationContext@75c9e76b: startup date [Sun May 19 14:49:23 CST 2019]; parent: org.springframework.context.annotation.AnnotationConfigApplicationContext@45752059
2019-05-19 14:49:27.447  INFO [tsf-credit,,,] 12972 --- [main] s.w.s.m.m.a.RequestMappingHandlerMapping : Mapped "{[/credit/recover],methods=[PUT]}" onto public boolean com.tsf.tsfcredit.CreditController.recover(com.tsf.tsfcredit.Credit)
2019-05-19 14:49:27.448  INFO [tsf-credit,,,] 12972 --- [main] s.w.s.m.m.a.RequestMappingHandlerMapping : Mapped "{[/credit/{id}],methods=[GET]}" onto public com.tsf.tsfcredit.Credit com.tsf.tsfcredit.CreditController.getCredit(java.lang.String)
2019-05-19 14:49:27.448  INFO [tsf-credit,,,] 12972 --- [main] s.w.s.m.m.a.RequestMappingHandlerMapping : Mapped "{[/credit/deduct],methods=[PUT]}" onto public boolean com.tsf.tsfcredit.CreditController.deduct(com.tsf.tsfcredit.Credit)
2019-05-19 14:49:27.449  INFO [tsf-credit,,,] 12972 --- [main] s.w.s.m.m.a.RequestMappingHandlerMapping : Mapped "{[/error]}" onto public org.springframework.http.ResponseEntity<java.util.Map<java.lang.String, java.lang.Object>> org.springframework.boot.autoconfigure.web.servlet.error.BasicErrorController.error(javax.servlet.http.HttpServletRequest)
2019-05-19 14:49:27.450  INFO [tsf-credit,,,] 12972 --- [main] s.w.s.m.m.a.RequestMappingHandlerMapping : Mapped "{[/error],produces=[text/html]}" onto public org.springframework.web.servlet.ModelAndView org.springframework.boot.autoconfigure.web.servlet.error.BasicErrorController.errorHtml(javax.servlet.http.HttpServletRequest,javax.servlet.http.HttpServletResponse)
2019-05-19 14:49:27.491  INFO [tsf-credit,,,] 12972 --- [main] o.s.w.s.handler.SimpleUrlHandlerMapping  : Mapped URL path [/webjars/**] onto handler of type [class org.springframework.web.servlet.resource.ResourceHttpRequestHandler]
2019-05-19 14:49:27.491  INFO [tsf-credit,,,] 12972 --- [main] o.s.w.s.handler.SimpleUrlHandlerMapping  : Mapped URL path [/**] onto handler of type [class org.springframework.web.servlet.resource.ResourceHttpRequestHandler]
2019-05-19 14:49:27.914  INFO [tsf-credit,,,] 12972 --- [main] o.s.s.c.ThreadPoolTaskScheduler          : Initializing ExecutorService 'catalogWatchTaskScheduler'
2019-05-19 14:49:28.201  INFO [tsf-credit,,,] 12972 --- [main] o.s.s.c.ThreadPoolTaskScheduler          : Initializing ExecutorService 'configWatchTaskScheduler'
2019-05-19 14:49:28.469  INFO [tsf-credit,,,] 12972 --- [main] o.s.aop.framework.CglibAopProxy          : Method [boolean java.util.concurrent.ScheduledThreadPoolExecutor.canRunInCurrentRunState(boolean)] is package-visible across different ClassLoaders and cannot get proxied via CGLIB: Declare this method as public or protected if you need to support invocations through the proxy.
2019-05-19 14:49:28.470  INFO [tsf-credit,,,] 12972 --- [main] o.s.aop.framework.CglibAopProxy          : Final method [final long java.util.concurrent.ScheduledThreadPoolExecutor.now()] cannot get proxied via CGLIB: Calls to this method will NOT be routed to the target instance and might lead to NPEs against uninitialized fields in the proxy instance.
2019-05-19 14:49:28.470  INFO [tsf-credit,,,] 12972 --- [main] o.s.aop.framework.CglibAopProxy          : Method [void java.util.concurrent.ScheduledThreadPoolExecutor.reExecutePeriodic(java.util.concurrent.RunnableScheduledFuture)] is package-visible across different ClassLoaders and cannot get proxied via CGLIB: Declare this method as public or protected if you need to support invocations through the proxy.
2019-05-19 14:49:28.470  INFO [tsf-credit,,,] 12972 --- [main] o.s.aop.framework.CglibAopProxy          : Method [long java.util.concurrent.ScheduledThreadPoolExecutor.triggerTime(long)] is package-visible across different ClassLoaders and cannot get proxied via CGLIB: Declare this method as public or protected if you need to support invocations through the proxy.
2019-05-19 14:49:28.471  INFO [tsf-credit,,,] 12972 --- [main] o.s.aop.framework.CglibAopProxy          : Method [void java.util.concurrent.ScheduledThreadPoolExecutor.onShutdown()] is package-visible across different ClassLoaders and cannot get proxied via CGLIB: Declare this method as public or protected if you need to support invocations through the proxy.
2019-05-19 14:49:28.471  INFO [tsf-credit,,,] 12972 --- [main] o.s.aop.framework.CglibAopProxy          : Method [void java.util.concurrent.ThreadPoolExecutor.ensurePrestart()] is package-visible across different ClassLoaders and cannot get proxied via CGLIB: Declare this method as public or protected if you need to support invocations through the proxy.
2019-05-19 14:49:28.471  INFO [tsf-credit,,,] 12972 --- [main] o.s.aop.framework.CglibAopProxy          : Final method [final boolean java.util.concurrent.ThreadPoolExecutor.isRunningOrShutdown(boolean)] cannot get proxied via CGLIB: Calls to this method will NOT be routed to the target instance and might lead to NPEs against uninitialized fields in the proxy instance.
2019-05-19 14:49:28.471  INFO [tsf-credit,,,] 12972 --- [main] o.s.aop.framework.CglibAopProxy          : Method [void java.util.concurrent.ThreadPoolExecutor.onShutdown()] is package-visible across different ClassLoaders and cannot get proxied via CGLIB: Declare this method as public or protected if you need to support invocations through the proxy.
2019-05-19 14:49:28.471  INFO [tsf-credit,,,] 12972 --- [main] o.s.aop.framework.CglibAopProxy          : Final method [final void java.util.concurrent.ThreadPoolExecutor.reject(java.lang.Runnable)] cannot get proxied via CGLIB: Calls to this method will NOT be routed to the target instance and might lead to NPEs against uninitialized fields in the proxy instance.
2019-05-19 14:49:28.471  INFO [tsf-credit,,,] 12972 --- [main] o.s.aop.framework.CglibAopProxy          : Final method [final void java.util.concurrent.ThreadPoolExecutor.runWorker(java.util.concurrent.ThreadPoolExecutor$Worker)] cannot get proxied via CGLIB: Calls to this method will NOT be routed to the target instance and might lead to NPEs against uninitialized fields in the proxy instance.
2019-05-19 14:49:28.471  INFO [tsf-credit,,,] 12972 --- [main] o.s.aop.framework.CglibAopProxy          : Final method [final void java.util.concurrent.ThreadPoolExecutor.tryTerminate()] cannot get proxied via CGLIB: Calls to this method will NOT be routed to the target instance and might lead to NPEs against uninitialized fields in the proxy instance.
2019-05-19 14:49:28.484  INFO [tsf-credit,,,] 12972 --- [main] o.s.s.concurrent.ThreadPoolTaskExecutor  : Initializing ExecutorService
2019-05-19 14:49:28.492  INFO [tsf-credit,,,] 12972 --- [main] o.s.s.concurrent.ThreadPoolTaskExecutor  : Initializing ExecutorService 'tsfThreadPoolTaskExecutor'
2019-05-19 14:49:28.560  INFO [tsf-credit,,,] 12972 --- [main] o.s.b.a.e.web.EndpointLinksResolver      : Exposing 2 endpoint(s) beneath base path '/actuator'
2019-05-19 14:49:28.576  INFO [tsf-credit,,,] 12972 --- [main] s.b.a.e.w.s.WebMvcEndpointHandlerMapping : Mapped "{[/actuator/health],methods=[GET],produces=[application/vnd.spring-boot.actuator.v2+json || application/json]}" onto public java.lang.Object org.springframework.boot.actuate.endpoint.web.servlet.AbstractWebMvcEndpointHandlerMapping$OperationHandler.handle(javax.servlet.http.HttpServletRequest,java.util.Map<java.lang.String, java.lang.String>)
2019-05-19 14:49:28.577  INFO [tsf-credit,,,] 12972 --- [main] s.b.a.e.w.s.WebMvcEndpointHandlerMapping : Mapped "{[/actuator/info],methods=[GET],produces=[application/vnd.spring-boot.actuator.v2+json || application/json]}" onto public java.lang.Object org.springframework.boot.actuate.endpoint.web.servlet.AbstractWebMvcEndpointHandlerMapping$OperationHandler.handle(javax.servlet.http.HttpServletRequest,java.util.Map<java.lang.String, java.lang.String>)
2019-05-19 14:49:28.578  INFO [tsf-credit,,,] 12972 --- [main] s.b.a.e.w.s.WebMvcEndpointHandlerMapping : Mapped "{[/actuator],methods=[GET],produces=[application/vnd.spring-boot.actuator.v2+json || application/json]}" onto protected java.util.Map<java.lang.String, java.util.Map<java.lang.String, org.springframework.boot.actuate.endpoint.web.Link>> org.springframework.boot.actuate.endpoint.web.servlet.WebMvcEndpointHandlerMapping.links(javax.servlet.http.HttpServletRequest,javax.servlet.http.HttpServletResponse)
2019-05-19 14:49:28.664  INFO [tsf-credit,,,] 12972 --- [main] o.s.j.e.a.AnnotationMBeanExporter        : Registering beans for JMX exposure on startup
2019-05-19 14:49:28.676  INFO [tsf-credit,,,] 12972 --- [main] o.s.j.e.a.AnnotationMBeanExporter        : Bean with name 'environmentManager' has been autodetected for JMX exposure
2019-05-19 14:49:28.678  INFO [tsf-credit,,,] 12972 --- [main] o.s.j.e.a.AnnotationMBeanExporter        : Bean with name 'refreshScope' has been autodetected for JMX exposure
2019-05-19 14:49:28.680  INFO [tsf-credit,,,] 12972 --- [main] o.s.j.e.a.AnnotationMBeanExporter        : Bean with name 'configurationPropertiesRebinder' has been autodetected for JMX exposure
2019-05-19 14:49:28.686  INFO [tsf-credit,,,] 12972 --- [main] o.s.j.e.a.AnnotationMBeanExporter        : Located managed bean 'environmentManager': registering with JMX server as MBean [org.springframework.cloud.context.environment:name=environmentManager,type=EnvironmentManager]
2019-05-19 14:49:28.697  INFO [tsf-credit,,,] 12972 --- [main] o.s.j.e.a.AnnotationMBeanExporter        : Located managed bean 'refreshScope': registering with JMX server as MBean [org.springframework.cloud.context.scope.refresh:name=refreshScope,type=RefreshScope]
2019-05-19 14:49:28.707  INFO [tsf-credit,,,] 12972 --- [main] o.s.j.e.a.AnnotationMBeanExporter        : Located managed bean 'configurationPropertiesRebinder': registering with JMX server as MBean [org.springframework.cloud.context.properties:name=configurationPropertiesRebinder,context=75c9e76b,type=ConfigurationPropertiesRebinder]
2019-05-19 14:49:28.752  INFO [tsf-credit,,,] 12972 --- [main] o.s.c.support.DefaultLifecycleProcessor  : Starting beans in phase -1
2019-05-19 14:49:28.752  INFO [tsf-credit,,,] 12972 --- [main] o.s.c.support.DefaultLifecycleProcessor  : Starting beans in phase 0
2019-05-19 14:49:28.808  INFO [tsf-credit,,,] 12972 --- [pool-2-thread-3] o.s.c.t.r.sync.TsfRouteConsulKVLoader    : tsf route rule, routeRuleInfoMap: {}
2019-05-19 14:49:28.808  INFO [tsf-credit,,,] 12972 --- [pool-2-thread-1] o.s.c.t.r.sync.TsfRouteConsulKVLoader    : tsf route affinity, affinity: true
2019-05-19 14:49:28.827  INFO [tsf-credit,,,] 12972 --- [main] o.s.b.w.embedded.tomcat.TomcatWebServer  : Tomcat started on port(s): 9018 (http) with context path ''
2019-05-19 14:49:28.838  INFO [tsf-credit,,,] 12972 --- [main] o.s.c.c.s.ConsulServiceRegistry          : Registering service with consul: TsfNewService{id='tsf-credit-9018', name='tsf-credit', tags=[secure=false], address='192.168.213.103', port=9018, meta={TSF_INSTNACE_ID=, TSF_PROG_VERSION=, TSF_REGION=, TSF_ZONE=, TSF_GROUP_ID=, TSF_APPLICATION_ID=}, enableTagOverride=null, check=Check{script='null', interval='null', ttl='30s', http='null', tcp='null', timeout='null', deregisterCriticalServiceAfter='null', tlsSkipVerify=null, status='null'}, checks=null}
2019-05-19 14:49:28.875  INFO [tsf-credit,,,] 12972 --- [main] com.tsf.tsfcredit.TsfCreditApplication   : Started TsfCreditApplication in 7.43 seconds (JVM running for 8.536)
2019-05-19 14:49:54.917  INFO [tsf-credit,,,] 12972 --- [http-nio-9018-exec-1] o.a.c.c.C.[Tomcat].[localhost].[/]       : Initializing Spring FrameworkServlet 'dispatcherServlet'
2019-05-19 14:49:54.917  INFO [tsf-credit,,,] 12972 --- [http-nio-9018-exec-1] o.s.web.servlet.DispatcherServlet        : FrameworkServlet 'dispatcherServlet': initialization started
2019-05-19 14:49:54.939  INFO [tsf-credit,,,] 12972 --- [http-nio-9018-exec-1] o.s.web.servlet.DispatcherServlet        : FrameworkServlet 'dispatcherServlet': initialization completed in 22 ms
2019-05-19 14:49:54.979  WARN [tsf-credit,20919c5cad42e8fc,20919c5cad42e8fc,true] 12972 --- [http-nio-9018-exec-1] o.s.c.t.r.util.TsfRouteInterceptUtil     : tsf route, handle request tsf route rule , target service name is null, route not work.
2019-05-19 14:49:54.984  INFO [tsf-credit,20919c5cad42e8fc,20919c5cad42e8fc,true] 12972 --- [http-nio-9018-exec-1] s.c.a.AnnotationConfigApplicationContext : Refreshing SpringClientFactory-tsf-account: startup date [Sun May 19 14:49:54 CST 2019]; parent: org.springframework.boot.web.servlet.context.AnnotationConfigServletWebServerApplicationContext@75c9e76b
2019-05-19 14:49:55.021  INFO [tsf-credit,20919c5cad42e8fc,20919c5cad42e8fc,true] 12972 --- [http-nio-9018-exec-1] f.a.AutowiredAnnotationBeanPostProcessor : JSR-330 'javax.inject.Inject' annotation found and supported for autowiring
2019-05-19 14:49:55.186  INFO [tsf-credit,20919c5cad42e8fc,20919c5cad42e8fc,true] 12972 --- [http-nio-9018-exec-1] c.n.u.concurrent.ShutdownEnabledTimer    : Shutdown hook installed for: NFLoadBalancer-PingTimer-tsf-account
2019-05-19 14:49:55.231  INFO [tsf-credit,20919c5cad42e8fc,20919c5cad42e8fc,true] 12972 --- [http-nio-9018-exec-1] c.netflix.loadbalancer.BaseLoadBalancer  : Client: tsf-account instantiated a LoadBalancer: DynamicServerListLoadBalancer:{NFLoadBalancer:name=tsf-account,current list of Servers=[],Load balancer stats=Zone stats: {},Server stats: []}ServerList:null
2019-05-19 14:49:55.237  INFO [tsf-credit,20919c5cad42e8fc,20919c5cad42e8fc,true] 12972 --- [http-nio-9018-exec-1] c.n.l.DynamicServerListLoadBalancer      : Using serverListUpdater PollingServerListUpdater
2019-05-19 14:49:55.281  INFO [tsf-credit,20919c5cad42e8fc,20919c5cad42e8fc,true] 12972 --- [http-nio-9018-exec-1] c.n.l.DynamicServerListLoadBalancer      : DynamicServerListLoadBalancer for client tsf-account initialized: DynamicServerListLoadBalancer:{NFLoadBalancer:name=tsf-account,current list of Servers=[192.168.213.103:8071],Load balancer stats=Zone stats: {unknown=[Zone:unknown;	Instance count:1;	Active connections count: 0;	Circuit breaker tripped count: 0;	Active connections per server: 0.0;]
},Server stats: [[Server:192.168.213.103:8071;	Zone:UNKNOWN;	Total Requests:0;	Successive connection failure:0;	Total blackout seconds:0;	Last connection made:Thu Jan 01 08:00:00 CST 1970;	First connection made: Thu Jan 01 08:00:00 CST 1970;	Active Connections:0;	total failure count in last (1000) msecs:0;	average resp time:0.0;	90 percentile resp time:0.0;	95 percentile resp time:0.0;	min resp time:0.0;	max resp time:0.0;	stddev resp time:0.0]
]}ServerList:ConsulServerList{serviceId='tsf-account', tag=null}
2019-05-19 14:50:06.278  WARN [tsf-credit,9d3cc1c692b2d861,9d3cc1c692b2d861,true] 12972 --- [http-nio-9018-exec-4] o.s.c.t.r.util.TsfRouteInterceptUtil     : tsf route, handle request tsf route rule , target service name is null, route not work.
2019-05-19 14:52:28.899  WARN [tsf-credit,e72b230bc7ae9d21,e72b230bc7ae9d21,true] 12972 --- [http-nio-9018-exec-1] o.s.c.t.r.util.TsfRouteInterceptUtil     : tsf route, handle request tsf route rule , target service name is null, route not work.
2019-05-19 14:52:35.866  WARN [tsf-credit,03cc54e53d468929,03cc54e53d468929,true] 12972 --- [http-nio-9018-exec-2] o.s.c.t.r.util.TsfRouteInterceptUtil     : tsf route, handle request tsf route rule , target service name is null, route not work.
2019-05-19 14:52:47.215  WARN [tsf-credit,5354feba8d245f48,5354feba8d245f48,true] 12972 --- [http-nio-9018-exec-3] o.s.c.t.r.util.TsfRouteInterceptUtil     : tsf route, handle request tsf route rule , target service name is null, route not work.
2019-05-19 14:52:50.419  WARN [tsf-credit,361ac262af57006b,361ac262af57006b,true] 12972 --- [http-nio-9018-exec-5] o.s.c.t.r.util.TsfRouteInterceptUtil     : tsf route, handle request tsf route rule , target service name is null, route not work.
2019-05-19 15:26:19.782  WARN [tsf-credit,388c4f130eff0131,a37c30db3e23b1dd,true] 12972 --- [http-nio-9018-exec-9] o.s.c.t.r.util.TsfRouteInterceptUtil     : tsf route, handle request tsf route rule , target service name is null, route not work.
2019-05-19 15:26:43.335  WARN [tsf-credit,f8dd954fa1b3aa7d,eaa1a5381ecbba56,true] 12972 --- [http-nio-9018-exec-1] o.s.c.t.r.util.TsfRouteInterceptUtil     : tsf route, handle request tsf route rule , target service name is null, route not work.
2019-05-19 15:27:23.403  WARN [tsf-credit,d36f18fad842f383,bc41ddda3d1e4354,true] 12972 --- [http-nio-9018-exec-3] o.s.c.t.r.util.TsfRouteInterceptUtil     : tsf route, handle request tsf route rule , target service name is null, route not work.
2019-05-19 15:28:42.462  WARN [tsf-credit,0d64ecbb81e1edb1,e9a1eca7fa8662f8,true] 12972 --- [http-nio-9018-exec-5] o.s.c.t.r.util.TsfRouteInterceptUtil     : tsf route, handle request tsf route rule , target service name is null, route not work.
2019-05-19 15:28:42.483  WARN [tsf-credit,0d64ecbb81e1edb1,b50bfc706e968583,true] 12972 --- [http-nio-9018-exec-6] o.s.c.t.r.util.TsfRouteInterceptUtil     : tsf route, handle request tsf route rule , target service name is null, route not work.
2019-05-19 15:28:55.700  WARN [tsf-credit,269020290522d411,269020290522d411,true] 12972 --- [http-nio-9018-exec-8] o.s.c.t.r.util.TsfRouteInterceptUtil     : tsf route, handle request tsf route rule , target service name is null, route not work.
2019-05-19 15:29:39.925  WARN [tsf-credit,beb924001117dfd2,737437af587c6b86,true] 12972 --- [http-nio-9018-exec-9] o.s.c.t.r.util.TsfRouteInterceptUtil     : tsf route, handle request tsf route rule , target service name is null, route not work.
2019-05-19 15:29:47.000  WARN [tsf-credit,5e8ef6008efb022c,5e8ef6008efb022c,true] 12972 --- [http-nio-9018-exec-1] o.s.c.t.r.util.TsfRouteInterceptUtil     : tsf route, handle request tsf route rule , target service name is null, route not work.
2019-05-19 15:43:05.728  WARN [tsf-credit,1d295253c57fe7d0,1d295253c57fe7d0,true] 12972 --- [http-nio-9018-exec-5] o.s.c.t.r.util.TsfRouteInterceptUtil     : tsf route, handle request tsf route rule , target service name is null, route not work.
2019-05-19 16:45:13.990  INFO [tsf-credit,,,] 3568 --- [main] com.tsf.tsfcredit.TsfCreditApplication   : No active profile set, falling back to default profiles: default
2019-05-19 16:45:14.006  INFO [tsf-credit,,,] 3568 --- [main] ConfigServletWebServerApplicationContext : Refreshing org.springframework.boot.web.servlet.context.AnnotationConfigServletWebServerApplicationContext@6f2cb653: startup date [Sun May 19 16:45:14 CST 2019]; parent: org.springframework.context.annotation.AnnotationConfigApplicationContext@10683d9d
2019-05-19 16:45:14.581  INFO [tsf-credit,,,] 3568 --- [main] o.s.b.f.s.DefaultListableBeanFactory     : Overriding bean definition for bean 'filterRegistrationBean' with a different definition: replacing [Root bean: class [null]; scope=; abstract=false; lazyInit=false; autowireMode=3; dependencyCheck=0; autowireCandidate=true; primary=false; factoryBeanName=org.springframework.tsf.core.config.ContextConfiguration; factoryMethodName=filterRegistrationBean; initMethodName=null; destroyMethodName=(inferred); defined in class path resource [org/springframework/tsf/core/config/ContextConfiguration.class]] with [Root bean: class [null]; scope=; abstract=false; lazyInit=false; autowireMode=3; dependencyCheck=0; autowireCandidate=true; primary=false; factoryBeanName=org.springframework.tsf.ratelimit.config.RatelimitConfiguration; factoryMethodName=filterRegistrationBean; initMethodName=null; destroyMethodName=(inferred); defined in class path resource [org/springframework/tsf/ratelimit/config/RatelimitConfiguration.class]]
2019-05-19 16:45:14.767  INFO [tsf-credit,,,] 3568 --- [main] o.s.cloud.context.scope.GenericScope     : BeanFactory id=aa279c30-69f1-3310-a54a-2e5148608e72
2019-05-19 16:45:14.780  INFO [tsf-credit,,,] 3568 --- [main] f.a.AutowiredAnnotationBeanPostProcessor : JSR-330 'javax.inject.Inject' annotation found and supported for autowiring
2019-05-19 16:45:15.041  INFO [tsf-credit,,,] 3568 --- [main] trationDelegate$BeanPostProcessorChecker : Bean 'org.springframework.cloud.autoconfigure.ConfigurationPropertiesRebinderAutoConfiguration' of type [org.springframework.cloud.autoconfigure.ConfigurationPropertiesRebinderAutoConfiguration$$EnhancerBySpringCGLIB$$58c37e2e] is not eligible for getting processed by all BeanPostProcessors (for example: not eligible for auto-proxying)
2019-05-19 16:45:15.058  INFO [tsf-credit,,,] 3568 --- [main] trationDelegate$BeanPostProcessorChecker : Bean 'org.springframework.cloud.consul.config.ConsulConfigAutoConfiguration$ConsulRefreshConfiguration' of type [org.springframework.cloud.consul.config.ConsulConfigAutoConfiguration$ConsulRefreshConfiguration$$EnhancerBySpringCGLIB$$52b4c946] is not eligible for getting processed by all BeanPostProcessors (for example: not eligible for auto-proxying)
2019-05-19 16:45:15.099  INFO [tsf-credit,,,] 3568 --- [main] trationDelegate$BeanPostProcessorChecker : Bean 'org.springframework.cloud.tsf.route.config.TsfRouteFilterAutoConfiguration$TsfRouteAsyncRestTemplateConfig' of type [org.springframework.cloud.tsf.route.config.TsfRouteFilterAutoConfiguration$TsfRouteAsyncRestTemplateConfig$$EnhancerBySpringCGLIB$$798b3ce9] is not eligible for getting processed by all BeanPostProcessors (for example: not eligible for auto-proxying)
2019-05-19 16:45:15.107  INFO [tsf-credit,,,] 3568 --- [main] trationDelegate$BeanPostProcessorChecker : Bean 'tsfRouteAsyncRestTemplateInterceptor' of type [org.springframework.cloud.tsf.route.interceptor.TsfRouteAsyncRestTemplateInterceptor] is not eligible for getting processed by all BeanPostProcessors (for example: not eligible for auto-proxying)
2019-05-19 16:45:15.116  INFO [tsf-credit,,,] 3568 --- [main] trationDelegate$BeanPostProcessorChecker : Bean 'org.springframework.cloud.tsf.route.config.TsfRouteFilterAutoConfiguration$TsfRouteRestTemplateConfig' of type [org.springframework.cloud.tsf.route.config.TsfRouteFilterAutoConfiguration$TsfRouteRestTemplateConfig$$EnhancerBySpringCGLIB$$c3f6919f] is not eligible for getting processed by all BeanPostProcessors (for example: not eligible for auto-proxying)
2019-05-19 16:45:15.123  INFO [tsf-credit,,,] 3568 --- [main] trationDelegate$BeanPostProcessorChecker : Bean 'tsfRouteRestTemplateInterceptor' of type [org.springframework.cloud.tsf.route.interceptor.TsfRouteRestTemplateInterceptor] is not eligible for getting processed by all BeanPostProcessors (for example: not eligible for auto-proxying)
2019-05-19 16:45:15.131  INFO [tsf-credit,,,] 3568 --- [main] trationDelegate$BeanPostProcessorChecker : Bean 'org.springframework.tsf.core.config.ContextConfiguration$TsfAsyncRestTemplateConfig' of type [org.springframework.tsf.core.config.ContextConfiguration$TsfAsyncRestTemplateConfig$$EnhancerBySpringCGLIB$$48d59b4d] is not eligible for getting processed by all BeanPostProcessors (for example: not eligible for auto-proxying)
2019-05-19 16:45:15.326  INFO [tsf-credit,,,] 3568 --- [main] trationDelegate$BeanPostProcessorChecker : Bean 'org.springframework.tsf.core.entity.Metadata' of type [org.springframework.tsf.core.entity.Metadata$$EnhancerBySpringCGLIB$$c4667af] is not eligible for getting processed by all BeanPostProcessors (for example: not eligible for auto-proxying)
2019-05-19 16:45:15.332  INFO [tsf-credit,,,] 3568 --- [main] trationDelegate$BeanPostProcessorChecker : Bean 'tsfAsyncRestTemplateInterceptor' of type [org.springframework.tsf.core.filter.TsfAsyncRestTemplateInterceptor] is not eligible for getting processed by all BeanPostProcessors (for example: not eligible for auto-proxying)
2019-05-19 16:45:15.343  INFO [tsf-credit,,,] 3568 --- [main] trationDelegate$BeanPostProcessorChecker : Bean 'org.springframework.tsf.core.config.ContextConfiguration$TsfRestTemplateConfig' of type [org.springframework.tsf.core.config.ContextConfiguration$TsfRestTemplateConfig$$EnhancerBySpringCGLIB$$1ebbc4bb] is not eligible for getting processed by all BeanPostProcessors (for example: not eligible for auto-proxying)
2019-05-19 16:45:15.355  INFO [tsf-credit,,,] 3568 --- [main] trationDelegate$BeanPostProcessorChecker : Bean 'tsfRestTemplateInterceptor' of type [org.springframework.tsf.core.filter.TsfRestTemplateInterceptor] is not eligible for getting processed by all BeanPostProcessors (for example: not eligible for auto-proxying)
2019-05-19 16:45:15.723  INFO [tsf-credit,,,] 3568 --- [main] o.s.b.w.embedded.tomcat.TomcatWebServer  : Tomcat initialized with port(s): 9018 (http)
2019-05-19 16:45:15.743  INFO [tsf-credit,,,] 3568 --- [main] o.apache.catalina.core.StandardService   : Starting service [Tomcat]
2019-05-19 16:45:15.743  INFO [tsf-credit,,,] 3568 --- [main] org.apache.catalina.core.StandardEngine  : Starting Servlet Engine: Apache Tomcat/8.5.35
2019-05-19 16:45:15.746  INFO [tsf-credit,,,] 3568 --- [localhost-startStop-1] o.a.catalina.core.AprLifecycleListener   : The APR based Apache Tomcat Native library which allows optimal performance in production environments was not found on the java.library.path: [C:\Program Files\Java\jdk1.8.0_201\bin;C:\Windows\Sun\Java\bin;C:\Windows\system32;C:\Windows;C:\Program Files (x86)\Common Files\Oracle\Java\javapath;C:\Program Files (x86)\Intel\Intel(R) Management Engine Components\iCLS\;C:\Program Files\Intel\Intel(R) Management Engine Components\iCLS\;C:\Windows\system32;C:\Windows;C:\Windows\System32\Wbem;C:\Windows\System32\WindowsPowerShell\v1.0\;C:\Windows\System32\OpenSSH\;C:\Program Files (x86)\Intel\Intel(R) Management Engine Components\DAL;C:\Program Files\Intel\Intel(R) Management Engine Components\DAL;C:\Program Files\Intel\WiFi\bin\;C:\Program Files\Common Files\Intel\WirelessCommon\;C:\Program Files (x86)\NVIDIA Corporation\PhysX\Common;D:\Git\cmd;C:\Program Files\Java\jdk1.8.0_201\jre\bin;C:\Program Files\Java\jdk1.8.0_201\bin;%Maven_Home%\bin;C:\Users\anchnet\AppData\Local\Microsoft\WindowsApps;;.]
2019-05-19 16:45:15.867  INFO [tsf-credit,,,] 3568 --- [localhost-startStop-1] o.a.c.c.C.[Tomcat].[localhost].[/]       : Initializing Spring embedded WebApplicationContext
2019-05-19 16:45:15.867  INFO [tsf-credit,,,] 3568 --- [localhost-startStop-1] o.s.web.context.ContextLoader            : Root WebApplicationContext: initialization completed in 1861 ms
2019-05-19 16:45:16.054  WARN [tsf-credit,,,] 3568 --- [localhost-startStop-1] c.n.c.sources.URLConfigurationSource     : No URLs will be polled as dynamic configuration sources.
2019-05-19 16:45:16.054  INFO [tsf-credit,,,] 3568 --- [localhost-startStop-1] c.n.c.sources.URLConfigurationSource     : To enable URLs as dynamic configuration sources, define System property archaius.configurationSource.additionalUrls or make config.properties available on classpath.
2019-05-19 16:45:16.061  INFO [tsf-credit,,,] 3568 --- [localhost-startStop-1] c.netflix.config.DynamicPropertyFactory  : DynamicPropertyFactory is initialized with configuration sources: com.netflix.config.ConcurrentCompositeConfiguration@b018228
2019-05-19 16:45:17.578  INFO [tsf-credit,,,] 3568 --- [localhost-startStop-1] o.s.b.w.servlet.FilterRegistrationBean   : Mapping filter: 'characterEncodingFilter' to: [/*]
2019-05-19 16:45:17.578  INFO [tsf-credit,,,] 3568 --- [localhost-startStop-1] o.s.b.w.servlet.FilterRegistrationBean   : Mapping filter: 'webMvcMetricsFilter' to: [/*]
2019-05-19 16:45:17.578  INFO [tsf-credit,,,] 3568 --- [localhost-startStop-1] o.s.b.w.servlet.FilterRegistrationBean   : Mapping filter: 'contextFilter' to: [/*]
2019-05-19 16:45:17.578  INFO [tsf-credit,,,] 3568 --- [localhost-startStop-1] o.s.b.w.servlet.FilterRegistrationBean   : Mapping filter: 'tracingFilter' to: [/*]
2019-05-19 16:45:17.578  INFO [tsf-credit,,,] 3568 --- [localhost-startStop-1] o.s.b.w.servlet.FilterRegistrationBean   : Mapping filter: 'exceptionLoggingFilter' to: [/*]
2019-05-19 16:45:17.578  INFO [tsf-credit,,,] 3568 --- [localhost-startStop-1] o.s.b.w.servlet.FilterRegistrationBean   : Mapping filter: 'collectFilter' to: [/*]
2019-05-19 16:45:17.578  INFO [tsf-credit,,,] 3568 --- [localhost-startStop-1] o.s.b.w.servlet.FilterRegistrationBean   : Mapping filter: 'hiddenHttpMethodFilter' to: [/*]
2019-05-19 16:45:17.579  INFO [tsf-credit,,,] 3568 --- [localhost-startStop-1] o.s.b.w.servlet.FilterRegistrationBean   : Mapping filter: 'httpPutFormContentFilter' to: [/*]
2019-05-19 16:45:17.579  INFO [tsf-credit,,,] 3568 --- [localhost-startStop-1] o.s.b.w.servlet.FilterRegistrationBean   : Mapping filter: 'requestContextFilter' to: [/*]
2019-05-19 16:45:17.579  INFO [tsf-credit,,,] 3568 --- [localhost-startStop-1] o.s.b.w.servlet.FilterRegistrationBean   : Mapping filter: 'httpTraceFilter' to: [/*]
2019-05-19 16:45:17.579  INFO [tsf-credit,,,] 3568 --- [localhost-startStop-1] o.s.b.w.servlet.ServletRegistrationBean  : Servlet dispatcherServlet mapped to [/]
2019-05-19 16:45:17.623  INFO [tsf-credit,,,] 3568 --- [main] s.c.a.AnnotationConfigApplicationContext : Refreshing FeignContext-tsf-account: startup date [Sun May 19 16:45:17 CST 2019]; parent: org.springframework.boot.web.servlet.context.AnnotationConfigServletWebServerApplicationContext@6f2cb653
2019-05-19 16:45:17.634  INFO [tsf-credit,,,] 3568 --- [main] f.a.AutowiredAnnotationBeanPostProcessor : JSR-330 'javax.inject.Inject' annotation found and supported for autowiring
2019-05-19 16:45:17.872  WARN [tsf-credit,,,] 3568 --- [main] c.n.c.sources.URLConfigurationSource     : No URLs will be polled as dynamic configuration sources.
2019-05-19 16:45:17.872  INFO [tsf-credit,,,] 3568 --- [main] c.n.c.sources.URLConfigurationSource     : To enable URLs as dynamic configuration sources, define System property archaius.configurationSource.additionalUrls or make config.properties available on classpath.
2019-05-19 16:45:17.966  INFO [tsf-credit,,,] 3568 --- [main] o.s.w.s.handler.SimpleUrlHandlerMapping  : Mapped URL path [/**/favicon.ico] onto handler of type [class org.springframework.web.servlet.resource.ResourceHttpRequestHandler]
2019-05-19 16:45:18.172  INFO [tsf-credit,,,] 3568 --- [main] s.w.s.m.m.a.RequestMappingHandlerAdapter : Looking for @ControllerAdvice: org.springframework.boot.web.servlet.context.AnnotationConfigServletWebServerApplicationContext@6f2cb653: startup date [Sun May 19 16:45:14 CST 2019]; parent: org.springframework.context.annotation.AnnotationConfigApplicationContext@10683d9d
2019-05-19 16:45:18.244  INFO [tsf-credit,,,] 3568 --- [main] s.w.s.m.m.a.RequestMappingHandlerMapping : Mapped "{[/credit/recover],methods=[PUT]}" onto public boolean com.tsf.tsfcredit.CreditController.recover(com.tsf.tsfcredit.Credit)
2019-05-19 16:45:18.245  INFO [tsf-credit,,,] 3568 --- [main] s.w.s.m.m.a.RequestMappingHandlerMapping : Mapped "{[/credit/deduct],methods=[PUT]}" onto public boolean com.tsf.tsfcredit.CreditController.deduct(com.tsf.tsfcredit.Credit)
2019-05-19 16:45:18.246  INFO [tsf-credit,,,] 3568 --- [main] s.w.s.m.m.a.RequestMappingHandlerMapping : Mapped "{[/credit/{id}],methods=[GET]}" onto public java.lang.String com.tsf.tsfcredit.CreditController.getCredit(java.lang.String)
2019-05-19 16:45:18.247  INFO [tsf-credit,,,] 3568 --- [main] s.w.s.m.m.a.RequestMappingHandlerMapping : Mapped "{[/error]}" onto public org.springframework.http.ResponseEntity<java.util.Map<java.lang.String, java.lang.Object>> org.springframework.boot.autoconfigure.web.servlet.error.BasicErrorController.error(javax.servlet.http.HttpServletRequest)
2019-05-19 16:45:18.248  INFO [tsf-credit,,,] 3568 --- [main] s.w.s.m.m.a.RequestMappingHandlerMapping : Mapped "{[/error],produces=[text/html]}" onto public org.springframework.web.servlet.ModelAndView org.springframework.boot.autoconfigure.web.servlet.error.BasicErrorController.errorHtml(javax.servlet.http.HttpServletRequest,javax.servlet.http.HttpServletResponse)
2019-05-19 16:45:18.296  INFO [tsf-credit,,,] 3568 --- [main] o.s.w.s.handler.SimpleUrlHandlerMapping  : Mapped URL path [/webjars/**] onto handler of type [class org.springframework.web.servlet.resource.ResourceHttpRequestHandler]
2019-05-19 16:45:18.297  INFO [tsf-credit,,,] 3568 --- [main] o.s.w.s.handler.SimpleUrlHandlerMapping  : Mapped URL path [/**] onto handler of type [class org.springframework.web.servlet.resource.ResourceHttpRequestHandler]
2019-05-19 16:45:18.809  INFO [tsf-credit,,,] 3568 --- [main] o.s.s.c.ThreadPoolTaskScheduler          : Initializing ExecutorService 'catalogWatchTaskScheduler'
2019-05-19 16:45:18.992  INFO [tsf-credit,,,] 3568 --- [main] o.s.s.c.ThreadPoolTaskScheduler          : Initializing ExecutorService 'configWatchTaskScheduler'
2019-05-19 16:45:19.153  INFO [tsf-credit,,,] 3568 --- [main] o.s.aop.framework.CglibAopProxy          : Method [boolean java.util.concurrent.ScheduledThreadPoolExecutor.canRunInCurrentRunState(boolean)] is package-visible across different ClassLoaders and cannot get proxied via CGLIB: Declare this method as public or protected if you need to support invocations through the proxy.
2019-05-19 16:45:19.153  INFO [tsf-credit,,,] 3568 --- [main] o.s.aop.framework.CglibAopProxy          : Final method [final long java.util.concurrent.ScheduledThreadPoolExecutor.now()] cannot get proxied via CGLIB: Calls to this method will NOT be routed to the target instance and might lead to NPEs against uninitialized fields in the proxy instance.
2019-05-19 16:45:19.153  INFO [tsf-credit,,,] 3568 --- [main] o.s.aop.framework.CglibAopProxy          : Method [void java.util.concurrent.ScheduledThreadPoolExecutor.reExecutePeriodic(java.util.concurrent.RunnableScheduledFuture)] is package-visible across different ClassLoaders and cannot get proxied via CGLIB: Declare this method as public or protected if you need to support invocations through the proxy.
2019-05-19 16:45:19.153  INFO [tsf-credit,,,] 3568 --- [main] o.s.aop.framework.CglibAopProxy          : Method [long java.util.concurrent.ScheduledThreadPoolExecutor.triggerTime(long)] is package-visible across different ClassLoaders and cannot get proxied via CGLIB: Declare this method as public or protected if you need to support invocations through the proxy.
2019-05-19 16:45:19.153  INFO [tsf-credit,,,] 3568 --- [main] o.s.aop.framework.CglibAopProxy          : Method [void java.util.concurrent.ScheduledThreadPoolExecutor.onShutdown()] is package-visible across different ClassLoaders and cannot get proxied via CGLIB: Declare this method as public or protected if you need to support invocations through the proxy.
2019-05-19 16:45:19.153  INFO [tsf-credit,,,] 3568 --- [main] o.s.aop.framework.CglibAopProxy          : Method [void java.util.concurrent.ThreadPoolExecutor.ensurePrestart()] is package-visible across different ClassLoaders and cannot get proxied via CGLIB: Declare this method as public or protected if you need to support invocations through the proxy.
2019-05-19 16:45:19.153  INFO [tsf-credit,,,] 3568 --- [main] o.s.aop.framework.CglibAopProxy          : Final method [final boolean java.util.concurrent.ThreadPoolExecutor.isRunningOrShutdown(boolean)] cannot get proxied via CGLIB: Calls to this method will NOT be routed to the target instance and might lead to NPEs against uninitialized fields in the proxy instance.
2019-05-19 16:45:19.154  INFO [tsf-credit,,,] 3568 --- [main] o.s.aop.framework.CglibAopProxy          : Method [void java.util.concurrent.ThreadPoolExecutor.onShutdown()] is package-visible across different ClassLoaders and cannot get proxied via CGLIB: Declare this method as public or protected if you need to support invocations through the proxy.
2019-05-19 16:45:19.154  INFO [tsf-credit,,,] 3568 --- [main] o.s.aop.framework.CglibAopProxy          : Final method [final void java.util.concurrent.ThreadPoolExecutor.reject(java.lang.Runnable)] cannot get proxied via CGLIB: Calls to this method will NOT be routed to the target instance and might lead to NPEs against uninitialized fields in the proxy instance.
2019-05-19 16:45:19.154  INFO [tsf-credit,,,] 3568 --- [main] o.s.aop.framework.CglibAopProxy          : Final method [final void java.util.concurrent.ThreadPoolExecutor.runWorker(java.util.concurrent.ThreadPoolExecutor$Worker)] cannot get proxied via CGLIB: Calls to this method will NOT be routed to the target instance and might lead to NPEs against uninitialized fields in the proxy instance.
2019-05-19 16:45:19.154  INFO [tsf-credit,,,] 3568 --- [main] o.s.aop.framework.CglibAopProxy          : Final method [final void java.util.concurrent.ThreadPoolExecutor.tryTerminate()] cannot get proxied via CGLIB: Calls to this method will NOT be routed to the target instance and might lead to NPEs against uninitialized fields in the proxy instance.
2019-05-19 16:45:19.165  INFO [tsf-credit,,,] 3568 --- [main] o.s.s.concurrent.ThreadPoolTaskExecutor  : Initializing ExecutorService
2019-05-19 16:45:19.171  INFO [tsf-credit,,,] 3568 --- [main] o.s.s.concurrent.ThreadPoolTaskExecutor  : Initializing ExecutorService 'tsfThreadPoolTaskExecutor'
2019-05-19 16:45:19.213  INFO [tsf-credit,,,] 3568 --- [main] o.s.b.a.e.web.EndpointLinksResolver      : Exposing 2 endpoint(s) beneath base path '/actuator'
2019-05-19 16:45:19.224  INFO [tsf-credit,,,] 3568 --- [main] s.b.a.e.w.s.WebMvcEndpointHandlerMapping : Mapped "{[/actuator/health],methods=[GET],produces=[application/vnd.spring-boot.actuator.v2+json || application/json]}" onto public java.lang.Object org.springframework.boot.actuate.endpoint.web.servlet.AbstractWebMvcEndpointHandlerMapping$OperationHandler.handle(javax.servlet.http.HttpServletRequest,java.util.Map<java.lang.String, java.lang.String>)
2019-05-19 16:45:19.225  INFO [tsf-credit,,,] 3568 --- [main] s.b.a.e.w.s.WebMvcEndpointHandlerMapping : Mapped "{[/actuator/info],methods=[GET],produces=[application/vnd.spring-boot.actuator.v2+json || application/json]}" onto public java.lang.Object org.springframework.boot.actuate.endpoint.web.servlet.AbstractWebMvcEndpointHandlerMapping$OperationHandler.handle(javax.servlet.http.HttpServletRequest,java.util.Map<java.lang.String, java.lang.String>)
2019-05-19 16:45:19.225  INFO [tsf-credit,,,] 3568 --- [main] s.b.a.e.w.s.WebMvcEndpointHandlerMapping : Mapped "{[/actuator],methods=[GET],produces=[application/vnd.spring-boot.actuator.v2+json || application/json]}" onto protected java.util.Map<java.lang.String, java.util.Map<java.lang.String, org.springframework.boot.actuate.endpoint.web.Link>> org.springframework.boot.actuate.endpoint.web.servlet.WebMvcEndpointHandlerMapping.links(javax.servlet.http.HttpServletRequest,javax.servlet.http.HttpServletResponse)
2019-05-19 16:45:19.291  INFO [tsf-credit,,,] 3568 --- [main] o.s.j.e.a.AnnotationMBeanExporter        : Registering beans for JMX exposure on startup
2019-05-19 16:45:19.300  INFO [tsf-credit,,,] 3568 --- [main] o.s.j.e.a.AnnotationMBeanExporter        : Bean with name 'environmentManager' has been autodetected for JMX exposure
2019-05-19 16:45:19.302  INFO [tsf-credit,,,] 3568 --- [main] o.s.j.e.a.AnnotationMBeanExporter        : Bean with name 'refreshScope' has been autodetected for JMX exposure
2019-05-19 16:45:19.303  INFO [tsf-credit,,,] 3568 --- [main] o.s.j.e.a.AnnotationMBeanExporter        : Bean with name 'configurationPropertiesRebinder' has been autodetected for JMX exposure
2019-05-19 16:45:19.307  INFO [tsf-credit,,,] 3568 --- [main] o.s.j.e.a.AnnotationMBeanExporter        : Located managed bean 'environmentManager': registering with JMX server as MBean [org.springframework.cloud.context.environment:name=environmentManager,type=EnvironmentManager]
2019-05-19 16:45:19.316  INFO [tsf-credit,,,] 3568 --- [main] o.s.j.e.a.AnnotationMBeanExporter        : Located managed bean 'refreshScope': registering with JMX server as MBean [org.springframework.cloud.context.scope.refresh:name=refreshScope,type=RefreshScope]
2019-05-19 16:45:19.325  INFO [tsf-credit,,,] 3568 --- [main] o.s.j.e.a.AnnotationMBeanExporter        : Located managed bean 'configurationPropertiesRebinder': registering with JMX server as MBean [org.springframework.cloud.context.properties:name=configurationPropertiesRebinder,context=6f2cb653,type=ConfigurationPropertiesRebinder]
2019-05-19 16:45:19.361  INFO [tsf-credit,,,] 3568 --- [main] o.s.c.support.DefaultLifecycleProcessor  : Starting beans in phase -1
2019-05-19 16:45:19.362  INFO [tsf-credit,,,] 3568 --- [main] o.s.c.support.DefaultLifecycleProcessor  : Starting beans in phase 0
2019-05-19 16:45:19.408  INFO [tsf-credit,,,] 3568 --- [pool-2-thread-3] o.s.c.t.r.sync.TsfRouteConsulKVLoader    : tsf route rule, routeRuleInfoMap: {}
2019-05-19 16:45:19.408  INFO [tsf-credit,,,] 3568 --- [pool-2-thread-1] o.s.c.t.r.sync.TsfRouteConsulKVLoader    : tsf route affinity, affinity: true
2019-05-19 16:45:19.425  INFO [tsf-credit,,,] 3568 --- [main] o.s.b.w.embedded.tomcat.TomcatWebServer  : Tomcat started on port(s): 9018 (http) with context path ''
2019-05-19 16:45:19.438  INFO [tsf-credit,,,] 3568 --- [main] o.s.c.c.s.ConsulServiceRegistry          : Registering service with consul: TsfNewService{id='tsf-credit-9018', name='tsf-credit', tags=[secure=false], address='192.168.213.103', port=9018, meta={TSF_INSTNACE_ID=, TSF_PROG_VERSION=, TSF_REGION=, TSF_ZONE=, TSF_GROUP_ID=, TSF_APPLICATION_ID=}, enableTagOverride=null, check=Check{script='null', interval='null', ttl='30s', http='null', tcp='null', timeout='null', deregisterCriticalServiceAfter='null', tlsSkipVerify=null, status='null'}, checks=null}
2019-05-19 16:45:19.474  INFO [tsf-credit,,,] 3568 --- [main] com.tsf.tsfcredit.TsfCreditApplication   : Started TsfCreditApplication in 7.329 seconds (JVM running for 8.188)
2019-05-19 16:46:54.227  INFO [tsf-credit,,,] 3568 --- [http-nio-9018-exec-1] o.a.c.c.C.[Tomcat].[localhost].[/]       : Initializing Spring FrameworkServlet 'dispatcherServlet'
2019-05-19 16:46:54.227  INFO [tsf-credit,,,] 3568 --- [http-nio-9018-exec-1] o.s.web.servlet.DispatcherServlet        : FrameworkServlet 'dispatcherServlet': initialization started
2019-05-19 16:46:54.253  INFO [tsf-credit,,,] 3568 --- [http-nio-9018-exec-1] o.s.web.servlet.DispatcherServlet        : FrameworkServlet 'dispatcherServlet': initialization completed in 26 ms
2019-05-19 16:47:09.936  WARN [tsf-credit,983e485bf10627ed,983e485bf10627ed,true] 3568 --- [http-nio-9018-exec-3] o.s.c.t.r.util.TsfRouteInterceptUtil     : tsf route, handle request tsf route rule , target service name is null, route not work.
2019-05-19 16:47:09.940  INFO [tsf-credit,983e485bf10627ed,983e485bf10627ed,true] 3568 --- [http-nio-9018-exec-3] s.c.a.AnnotationConfigApplicationContext : Refreshing SpringClientFactory-tsf-account: startup date [Sun May 19 16:47:09 CST 2019]; parent: org.springframework.boot.web.servlet.context.AnnotationConfigServletWebServerApplicationContext@6f2cb653
2019-05-19 16:47:09.982  INFO [tsf-credit,983e485bf10627ed,983e485bf10627ed,true] 3568 --- [http-nio-9018-exec-3] f.a.AutowiredAnnotationBeanPostProcessor : JSR-330 'javax.inject.Inject' annotation found and supported for autowiring
2019-05-19 16:47:10.148  INFO [tsf-credit,983e485bf10627ed,983e485bf10627ed,true] 3568 --- [http-nio-9018-exec-3] c.n.u.concurrent.ShutdownEnabledTimer    : Shutdown hook installed for: NFLoadBalancer-PingTimer-tsf-account
2019-05-19 16:47:10.192  INFO [tsf-credit,983e485bf10627ed,983e485bf10627ed,true] 3568 --- [http-nio-9018-exec-3] c.netflix.loadbalancer.BaseLoadBalancer  : Client: tsf-account instantiated a LoadBalancer: DynamicServerListLoadBalancer:{NFLoadBalancer:name=tsf-account,current list of Servers=[],Load balancer stats=Zone stats: {},Server stats: []}ServerList:null
2019-05-19 16:47:10.198  INFO [tsf-credit,983e485bf10627ed,983e485bf10627ed,true] 3568 --- [http-nio-9018-exec-3] c.n.l.DynamicServerListLoadBalancer      : Using serverListUpdater PollingServerListUpdater
2019-05-19 16:47:10.240  INFO [tsf-credit,983e485bf10627ed,983e485bf10627ed,true] 3568 --- [http-nio-9018-exec-3] c.n.l.DynamicServerListLoadBalancer      : DynamicServerListLoadBalancer for client tsf-account initialized: DynamicServerListLoadBalancer:{NFLoadBalancer:name=tsf-account,current list of Servers=[192.168.213.103:8071],Load balancer stats=Zone stats: {unknown=[Zone:unknown;	Instance count:1;	Active connections count: 0;	Circuit breaker tripped count: 0;	Active connections per server: 0.0;]
},Server stats: [[Server:192.168.213.103:8071;	Zone:UNKNOWN;	Total Requests:0;	Successive connection failure:0;	Total blackout seconds:0;	Last connection made:Thu Jan 01 08:00:00 CST 1970;	First connection made: Thu Jan 01 08:00:00 CST 1970;	Active Connections:0;	total failure count in last (1000) msecs:0;	average resp time:0.0;	90 percentile resp time:0.0;	95 percentile resp time:0.0;	min resp time:0.0;	max resp time:0.0;	stddev resp time:0.0]
]}ServerList:ConsulServerList{serviceId='tsf-account', tag=null}
2019-05-19 16:49:31.860  INFO [tsf-credit,,,] 1284 --- [main] com.tsf.tsfcredit.TsfCreditApplication   : No active profile set, falling back to default profiles: default
2019-05-19 16:49:31.876  INFO [tsf-credit,,,] 1284 --- [main] ConfigServletWebServerApplicationContext : Refreshing org.springframework.boot.web.servlet.context.AnnotationConfigServletWebServerApplicationContext@12bcd0c0: startup date [Sun May 19 16:49:31 CST 2019]; parent: org.springframework.context.annotation.AnnotationConfigApplicationContext@6a6cb05c
2019-05-19 16:49:32.442  INFO [tsf-credit,,,] 1284 --- [main] o.s.b.f.s.DefaultListableBeanFactory     : Overriding bean definition for bean 'filterRegistrationBean' with a different definition: replacing [Root bean: class [null]; scope=; abstract=false; lazyInit=false; autowireMode=3; dependencyCheck=0; autowireCandidate=true; primary=false; factoryBeanName=org.springframework.tsf.core.config.ContextConfiguration; factoryMethodName=filterRegistrationBean; initMethodName=null; destroyMethodName=(inferred); defined in class path resource [org/springframework/tsf/core/config/ContextConfiguration.class]] with [Root bean: class [null]; scope=; abstract=false; lazyInit=false; autowireMode=3; dependencyCheck=0; autowireCandidate=true; primary=false; factoryBeanName=org.springframework.tsf.ratelimit.config.RatelimitConfiguration; factoryMethodName=filterRegistrationBean; initMethodName=null; destroyMethodName=(inferred); defined in class path resource [org/springframework/tsf/ratelimit/config/RatelimitConfiguration.class]]
2019-05-19 16:49:32.629  INFO [tsf-credit,,,] 1284 --- [main] o.s.cloud.context.scope.GenericScope     : BeanFactory id=aa279c30-69f1-3310-a54a-2e5148608e72
2019-05-19 16:49:32.642  INFO [tsf-credit,,,] 1284 --- [main] f.a.AutowiredAnnotationBeanPostProcessor : JSR-330 'javax.inject.Inject' annotation found and supported for autowiring
2019-05-19 16:49:32.895  INFO [tsf-credit,,,] 1284 --- [main] trationDelegate$BeanPostProcessorChecker : Bean 'org.springframework.cloud.autoconfigure.ConfigurationPropertiesRebinderAutoConfiguration' of type [org.springframework.cloud.autoconfigure.ConfigurationPropertiesRebinderAutoConfiguration$$EnhancerBySpringCGLIB$$58c1b31f] is not eligible for getting processed by all BeanPostProcessors (for example: not eligible for auto-proxying)
2019-05-19 16:49:32.911  INFO [tsf-credit,,,] 1284 --- [main] trationDelegate$BeanPostProcessorChecker : Bean 'org.springframework.cloud.consul.config.ConsulConfigAutoConfiguration$ConsulRefreshConfiguration' of type [org.springframework.cloud.consul.config.ConsulConfigAutoConfiguration$ConsulRefreshConfiguration$$EnhancerBySpringCGLIB$$52b2fe37] is not eligible for getting processed by all BeanPostProcessors (for example: not eligible for auto-proxying)
2019-05-19 16:49:32.952  INFO [tsf-credit,,,] 1284 --- [main] trationDelegate$BeanPostProcessorChecker : Bean 'org.springframework.cloud.tsf.route.config.TsfRouteFilterAutoConfiguration$TsfRouteAsyncRestTemplateConfig' of type [org.springframework.cloud.tsf.route.config.TsfRouteFilterAutoConfiguration$TsfRouteAsyncRestTemplateConfig$$EnhancerBySpringCGLIB$$798971da] is not eligible for getting processed by all BeanPostProcessors (for example: not eligible for auto-proxying)
2019-05-19 16:49:32.960  INFO [tsf-credit,,,] 1284 --- [main] trationDelegate$BeanPostProcessorChecker : Bean 'tsfRouteAsyncRestTemplateInterceptor' of type [org.springframework.cloud.tsf.route.interceptor.TsfRouteAsyncRestTemplateInterceptor] is not eligible for getting processed by all BeanPostProcessors (for example: not eligible for auto-proxying)
2019-05-19 16:49:32.969  INFO [tsf-credit,,,] 1284 --- [main] trationDelegate$BeanPostProcessorChecker : Bean 'org.springframework.cloud.tsf.route.config.TsfRouteFilterAutoConfiguration$TsfRouteRestTemplateConfig' of type [org.springframework.cloud.tsf.route.config.TsfRouteFilterAutoConfiguration$TsfRouteRestTemplateConfig$$EnhancerBySpringCGLIB$$c3f4c690] is not eligible for getting processed by all BeanPostProcessors (for example: not eligible for auto-proxying)
2019-05-19 16:49:32.975  INFO [tsf-credit,,,] 1284 --- [main] trationDelegate$BeanPostProcessorChecker : Bean 'tsfRouteRestTemplateInterceptor' of type [org.springframework.cloud.tsf.route.interceptor.TsfRouteRestTemplateInterceptor] is not eligible for getting processed by all BeanPostProcessors (for example: not eligible for auto-proxying)
2019-05-19 16:49:32.982  INFO [tsf-credit,,,] 1284 --- [main] trationDelegate$BeanPostProcessorChecker : Bean 'org.springframework.tsf.core.config.ContextConfiguration$TsfAsyncRestTemplateConfig' of type [org.springframework.tsf.core.config.ContextConfiguration$TsfAsyncRestTemplateConfig$$EnhancerBySpringCGLIB$$48d3d03e] is not eligible for getting processed by all BeanPostProcessors (for example: not eligible for auto-proxying)
2019-05-19 16:49:33.170  INFO [tsf-credit,,,] 1284 --- [main] trationDelegate$BeanPostProcessorChecker : Bean 'org.springframework.tsf.core.entity.Metadata' of type [org.springframework.tsf.core.entity.Metadata$$EnhancerBySpringCGLIB$$c449ca0] is not eligible for getting processed by all BeanPostProcessors (for example: not eligible for auto-proxying)
2019-05-19 16:49:33.174  INFO [tsf-credit,,,] 1284 --- [main] trationDelegate$BeanPostProcessorChecker : Bean 'tsfAsyncRestTemplateInterceptor' of type [org.springframework.tsf.core.filter.TsfAsyncRestTemplateInterceptor] is not eligible for getting processed by all BeanPostProcessors (for example: not eligible for auto-proxying)
2019-05-19 16:49:33.181  INFO [tsf-credit,,,] 1284 --- [main] trationDelegate$BeanPostProcessorChecker : Bean 'org.springframework.tsf.core.config.ContextConfiguration$TsfRestTemplateConfig' of type [org.springframework.tsf.core.config.ContextConfiguration$TsfRestTemplateConfig$$EnhancerBySpringCGLIB$$1eb9f9ac] is not eligible for getting processed by all BeanPostProcessors (for example: not eligible for auto-proxying)
2019-05-19 16:49:33.188  INFO [tsf-credit,,,] 1284 --- [main] trationDelegate$BeanPostProcessorChecker : Bean 'tsfRestTemplateInterceptor' of type [org.springframework.tsf.core.filter.TsfRestTemplateInterceptor] is not eligible for getting processed by all BeanPostProcessors (for example: not eligible for auto-proxying)
2019-05-19 16:49:33.517  INFO [tsf-credit,,,] 1284 --- [main] o.s.b.w.embedded.tomcat.TomcatWebServer  : Tomcat initialized with port(s): 9018 (http)
2019-05-19 16:49:33.538  INFO [tsf-credit,,,] 1284 --- [main] o.apache.catalina.core.StandardService   : Starting service [Tomcat]
2019-05-19 16:49:33.538  INFO [tsf-credit,,,] 1284 --- [main] org.apache.catalina.core.StandardEngine  : Starting Servlet Engine: Apache Tomcat/8.5.35
2019-05-19 16:49:33.541  INFO [tsf-credit,,,] 1284 --- [localhost-startStop-1] o.a.catalina.core.AprLifecycleListener   : The APR based Apache Tomcat Native library which allows optimal performance in production environments was not found on the java.library.path: [C:\Program Files\Java\jdk1.8.0_201\bin;C:\Windows\Sun\Java\bin;C:\Windows\system32;C:\Windows;C:\Program Files (x86)\Common Files\Oracle\Java\javapath;C:\Program Files (x86)\Intel\Intel(R) Management Engine Components\iCLS\;C:\Program Files\Intel\Intel(R) Management Engine Components\iCLS\;C:\Windows\system32;C:\Windows;C:\Windows\System32\Wbem;C:\Windows\System32\WindowsPowerShell\v1.0\;C:\Windows\System32\OpenSSH\;C:\Program Files (x86)\Intel\Intel(R) Management Engine Components\DAL;C:\Program Files\Intel\Intel(R) Management Engine Components\DAL;C:\Program Files\Intel\WiFi\bin\;C:\Program Files\Common Files\Intel\WirelessCommon\;C:\Program Files (x86)\NVIDIA Corporation\PhysX\Common;D:\Git\cmd;C:\Program Files\Java\jdk1.8.0_201\jre\bin;C:\Program Files\Java\jdk1.8.0_201\bin;%Maven_Home%\bin;C:\Users\anchnet\AppData\Local\Microsoft\WindowsApps;;.]
2019-05-19 16:49:33.660  INFO [tsf-credit,,,] 1284 --- [localhost-startStop-1] o.a.c.c.C.[Tomcat].[localhost].[/]       : Initializing Spring embedded WebApplicationContext
2019-05-19 16:49:33.660  INFO [tsf-credit,,,] 1284 --- [localhost-startStop-1] o.s.web.context.ContextLoader            : Root WebApplicationContext: initialization completed in 1784 ms
2019-05-19 16:49:33.842  WARN [tsf-credit,,,] 1284 --- [localhost-startStop-1] c.n.c.sources.URLConfigurationSource     : No URLs will be polled as dynamic configuration sources.
2019-05-19 16:49:33.843  INFO [tsf-credit,,,] 1284 --- [localhost-startStop-1] c.n.c.sources.URLConfigurationSource     : To enable URLs as dynamic configuration sources, define System property archaius.configurationSource.additionalUrls or make config.properties available on classpath.
2019-05-19 16:49:33.850  INFO [tsf-credit,,,] 1284 --- [localhost-startStop-1] c.netflix.config.DynamicPropertyFactory  : DynamicPropertyFactory is initialized with configuration sources: com.netflix.config.ConcurrentCompositeConfiguration@5ab7c4ae
2019-05-19 16:49:35.445  INFO [tsf-credit,,,] 1284 --- [localhost-startStop-1] o.s.b.w.servlet.FilterRegistrationBean   : Mapping filter: 'characterEncodingFilter' to: [/*]
2019-05-19 16:49:35.446  INFO [tsf-credit,,,] 1284 --- [localhost-startStop-1] o.s.b.w.servlet.FilterRegistrationBean   : Mapping filter: 'webMvcMetricsFilter' to: [/*]
2019-05-19 16:49:35.447  INFO [tsf-credit,,,] 1284 --- [localhost-startStop-1] o.s.b.w.servlet.FilterRegistrationBean   : Mapping filter: 'contextFilter' to: [/*]
2019-05-19 16:49:35.447  INFO [tsf-credit,,,] 1284 --- [localhost-startStop-1] o.s.b.w.servlet.FilterRegistrationBean   : Mapping filter: 'tracingFilter' to: [/*]
2019-05-19 16:49:35.448  INFO [tsf-credit,,,] 1284 --- [localhost-startStop-1] o.s.b.w.servlet.FilterRegistrationBean   : Mapping filter: 'exceptionLoggingFilter' to: [/*]
2019-05-19 16:49:35.448  INFO [tsf-credit,,,] 1284 --- [localhost-startStop-1] o.s.b.w.servlet.FilterRegistrationBean   : Mapping filter: 'collectFilter' to: [/*]
2019-05-19 16:49:35.448  INFO [tsf-credit,,,] 1284 --- [localhost-startStop-1] o.s.b.w.servlet.FilterRegistrationBean   : Mapping filter: 'hiddenHttpMethodFilter' to: [/*]
2019-05-19 16:49:35.448  INFO [tsf-credit,,,] 1284 --- [localhost-startStop-1] o.s.b.w.servlet.FilterRegistrationBean   : Mapping filter: 'httpPutFormContentFilter' to: [/*]
2019-05-19 16:49:35.449  INFO [tsf-credit,,,] 1284 --- [localhost-startStop-1] o.s.b.w.servlet.FilterRegistrationBean   : Mapping filter: 'requestContextFilter' to: [/*]
2019-05-19 16:49:35.449  INFO [tsf-credit,,,] 1284 --- [localhost-startStop-1] o.s.b.w.servlet.FilterRegistrationBean   : Mapping filter: 'httpTraceFilter' to: [/*]
2019-05-19 16:49:35.449  INFO [tsf-credit,,,] 1284 --- [localhost-startStop-1] o.s.b.w.servlet.ServletRegistrationBean  : Servlet dispatcherServlet mapped to [/]
2019-05-19 16:49:35.502  INFO [tsf-credit,,,] 1284 --- [main] s.c.a.AnnotationConfigApplicationContext : Refreshing FeignContext-tsf-account: startup date [Sun May 19 16:49:35 CST 2019]; parent: org.springframework.boot.web.servlet.context.AnnotationConfigServletWebServerApplicationContext@12bcd0c0
2019-05-19 16:49:35.515  INFO [tsf-credit,,,] 1284 --- [main] f.a.AutowiredAnnotationBeanPostProcessor : JSR-330 'javax.inject.Inject' annotation found and supported for autowiring
2019-05-19 16:49:35.721  WARN [tsf-credit,,,] 1284 --- [main] c.n.c.sources.URLConfigurationSource     : No URLs will be polled as dynamic configuration sources.
2019-05-19 16:49:35.721  INFO [tsf-credit,,,] 1284 --- [main] c.n.c.sources.URLConfigurationSource     : To enable URLs as dynamic configuration sources, define System property archaius.configurationSource.additionalUrls or make config.properties available on classpath.
2019-05-19 16:49:35.816  INFO [tsf-credit,,,] 1284 --- [main] o.s.w.s.handler.SimpleUrlHandlerMapping  : Mapped URL path [/**/favicon.ico] onto handler of type [class org.springframework.web.servlet.resource.ResourceHttpRequestHandler]
2019-05-19 16:49:35.994  INFO [tsf-credit,,,] 1284 --- [main] s.w.s.m.m.a.RequestMappingHandlerAdapter : Looking for @ControllerAdvice: org.springframework.boot.web.servlet.context.AnnotationConfigServletWebServerApplicationContext@12bcd0c0: startup date [Sun May 19 16:49:31 CST 2019]; parent: org.springframework.context.annotation.AnnotationConfigApplicationContext@6a6cb05c
2019-05-19 16:49:36.050  INFO [tsf-credit,,,] 1284 --- [main] s.w.s.m.m.a.RequestMappingHandlerMapping : Mapped "{[/credit/recover],methods=[PUT]}" onto public boolean com.tsf.tsfcredit.CreditController.recover(com.tsf.tsfcredit.Credit)
2019-05-19 16:49:36.051  INFO [tsf-credit,,,] 1284 --- [main] s.w.s.m.m.a.RequestMappingHandlerMapping : Mapped "{[/credit/deduct],methods=[PUT]}" onto public boolean com.tsf.tsfcredit.CreditController.deduct(com.tsf.tsfcredit.Credit)
2019-05-19 16:49:36.051  INFO [tsf-credit,,,] 1284 --- [main] s.w.s.m.m.a.RequestMappingHandlerMapping : Mapped "{[/credit/{id}],methods=[GET]}" onto public java.lang.String com.tsf.tsfcredit.CreditController.getCredit(java.lang.String)
2019-05-19 16:49:36.053  INFO [tsf-credit,,,] 1284 --- [main] s.w.s.m.m.a.RequestMappingHandlerMapping : Mapped "{[/error]}" onto public org.springframework.http.ResponseEntity<java.util.Map<java.lang.String, java.lang.Object>> org.springframework.boot.autoconfigure.web.servlet.error.BasicErrorController.error(javax.servlet.http.HttpServletRequest)
2019-05-19 16:49:36.054  INFO [tsf-credit,,,] 1284 --- [main] s.w.s.m.m.a.RequestMappingHandlerMapping : Mapped "{[/error],produces=[text/html]}" onto public org.springframework.web.servlet.ModelAndView org.springframework.boot.autoconfigure.web.servlet.error.BasicErrorController.errorHtml(javax.servlet.http.HttpServletRequest,javax.servlet.http.HttpServletResponse)
2019-05-19 16:49:36.092  INFO [tsf-credit,,,] 1284 --- [main] o.s.w.s.handler.SimpleUrlHandlerMapping  : Mapped URL path [/webjars/**] onto handler of type [class org.springframework.web.servlet.resource.ResourceHttpRequestHandler]
2019-05-19 16:49:36.092  INFO [tsf-credit,,,] 1284 --- [main] o.s.w.s.handler.SimpleUrlHandlerMapping  : Mapped URL path [/**] onto handler of type [class org.springframework.web.servlet.resource.ResourceHttpRequestHandler]
2019-05-19 16:49:36.528  INFO [tsf-credit,,,] 1284 --- [main] o.s.s.c.ThreadPoolTaskScheduler          : Initializing ExecutorService 'catalogWatchTaskScheduler'
2019-05-19 16:49:36.709  INFO [tsf-credit,,,] 1284 --- [main] o.s.s.c.ThreadPoolTaskScheduler          : Initializing ExecutorService 'configWatchTaskScheduler'
2019-05-19 16:49:36.835  INFO [tsf-credit,,,] 1284 --- [main] o.s.aop.framework.CglibAopProxy          : Method [void java.util.concurrent.ScheduledThreadPoolExecutor.onShutdown()] is package-visible across different ClassLoaders and cannot get proxied via CGLIB: Declare this method as public or protected if you need to support invocations through the proxy.
2019-05-19 16:49:36.835  INFO [tsf-credit,,,] 1284 --- [main] o.s.aop.framework.CglibAopProxy          : Method [boolean java.util.concurrent.ScheduledThreadPoolExecutor.canRunInCurrentRunState(boolean)] is package-visible across different ClassLoaders and cannot get proxied via CGLIB: Declare this method as public or protected if you need to support invocations through the proxy.
2019-05-19 16:49:36.835  INFO [tsf-credit,,,] 1284 --- [main] o.s.aop.framework.CglibAopProxy          : Final method [final long java.util.concurrent.ScheduledThreadPoolExecutor.now()] cannot get proxied via CGLIB: Calls to this method will NOT be routed to the target instance and might lead to NPEs against uninitialized fields in the proxy instance.
2019-05-19 16:49:36.835  INFO [tsf-credit,,,] 1284 --- [main] o.s.aop.framework.CglibAopProxy          : Method [void java.util.concurrent.ScheduledThreadPoolExecutor.reExecutePeriodic(java.util.concurrent.RunnableScheduledFuture)] is package-visible across different ClassLoaders and cannot get proxied via CGLIB: Declare this method as public or protected if you need to support invocations through the proxy.
2019-05-19 16:49:36.835  INFO [tsf-credit,,,] 1284 --- [main] o.s.aop.framework.CglibAopProxy          : Method [long java.util.concurrent.ScheduledThreadPoolExecutor.triggerTime(long)] is package-visible across different ClassLoaders and cannot get proxied via CGLIB: Declare this method as public or protected if you need to support invocations through the proxy.
2019-05-19 16:49:36.835  INFO [tsf-credit,,,] 1284 --- [main] o.s.aop.framework.CglibAopProxy          : Method [void java.util.concurrent.ThreadPoolExecutor.ensurePrestart()] is package-visible across different ClassLoaders and cannot get proxied via CGLIB: Declare this method as public or protected if you need to support invocations through the proxy.
2019-05-19 16:49:36.836  INFO [tsf-credit,,,] 1284 --- [main] o.s.aop.framework.CglibAopProxy          : Final method [final boolean java.util.concurrent.ThreadPoolExecutor.isRunningOrShutdown(boolean)] cannot get proxied via CGLIB: Calls to this method will NOT be routed to the target instance and might lead to NPEs against uninitialized fields in the proxy instance.
2019-05-19 16:49:36.836  INFO [tsf-credit,,,] 1284 --- [main] o.s.aop.framework.CglibAopProxy          : Method [void java.util.concurrent.ThreadPoolExecutor.onShutdown()] is package-visible across different ClassLoaders and cannot get proxied via CGLIB: Declare this method as public or protected if you need to support invocations through the proxy.
2019-05-19 16:49:36.836  INFO [tsf-credit,,,] 1284 --- [main] o.s.aop.framework.CglibAopProxy          : Final method [final void java.util.concurrent.ThreadPoolExecutor.reject(java.lang.Runnable)] cannot get proxied via CGLIB: Calls to this method will NOT be routed to the target instance and might lead to NPEs against uninitialized fields in the proxy instance.
2019-05-19 16:49:36.836  INFO [tsf-credit,,,] 1284 --- [main] o.s.aop.framework.CglibAopProxy          : Final method [final void java.util.concurrent.ThreadPoolExecutor.runWorker(java.util.concurrent.ThreadPoolExecutor$Worker)] cannot get proxied via CGLIB: Calls to this method will NOT be routed to the target instance and might lead to NPEs against uninitialized fields in the proxy instance.
2019-05-19 16:49:36.836  INFO [tsf-credit,,,] 1284 --- [main] o.s.aop.framework.CglibAopProxy          : Final method [final void java.util.concurrent.ThreadPoolExecutor.tryTerminate()] cannot get proxied via CGLIB: Calls to this method will NOT be routed to the target instance and might lead to NPEs against uninitialized fields in the proxy instance.
2019-05-19 16:49:36.845  INFO [tsf-credit,,,] 1284 --- [main] o.s.s.concurrent.ThreadPoolTaskExecutor  : Initializing ExecutorService
2019-05-19 16:49:36.849  INFO [tsf-credit,,,] 1284 --- [main] o.s.s.concurrent.ThreadPoolTaskExecutor  : Initializing ExecutorService 'tsfThreadPoolTaskExecutor'
2019-05-19 16:49:36.881  INFO [tsf-credit,,,] 1284 --- [main] o.s.b.a.e.web.EndpointLinksResolver      : Exposing 2 endpoint(s) beneath base path '/actuator'
2019-05-19 16:49:36.891  INFO [tsf-credit,,,] 1284 --- [main] s.b.a.e.w.s.WebMvcEndpointHandlerMapping : Mapped "{[/actuator/health],methods=[GET],produces=[application/vnd.spring-boot.actuator.v2+json || application/json]}" onto public java.lang.Object org.springframework.boot.actuate.endpoint.web.servlet.AbstractWebMvcEndpointHandlerMapping$OperationHandler.handle(javax.servlet.http.HttpServletRequest,java.util.Map<java.lang.String, java.lang.String>)
2019-05-19 16:49:36.892  INFO [tsf-credit,,,] 1284 --- [main] s.b.a.e.w.s.WebMvcEndpointHandlerMapping : Mapped "{[/actuator/info],methods=[GET],produces=[application/vnd.spring-boot.actuator.v2+json || application/json]}" onto public java.lang.Object org.springframework.boot.actuate.endpoint.web.servlet.AbstractWebMvcEndpointHandlerMapping$OperationHandler.handle(javax.servlet.http.HttpServletRequest,java.util.Map<java.lang.String, java.lang.String>)
2019-05-19 16:49:36.892  INFO [tsf-credit,,,] 1284 --- [main] s.b.a.e.w.s.WebMvcEndpointHandlerMapping : Mapped "{[/actuator],methods=[GET],produces=[application/vnd.spring-boot.actuator.v2+json || application/json]}" onto protected java.util.Map<java.lang.String, java.util.Map<java.lang.String, org.springframework.boot.actuate.endpoint.web.Link>> org.springframework.boot.actuate.endpoint.web.servlet.WebMvcEndpointHandlerMapping.links(javax.servlet.http.HttpServletRequest,javax.servlet.http.HttpServletResponse)
2019-05-19 16:49:36.947  INFO [tsf-credit,,,] 1284 --- [main] o.s.j.e.a.AnnotationMBeanExporter        : Registering beans for JMX exposure on startup
2019-05-19 16:49:36.953  INFO [tsf-credit,,,] 1284 --- [main] o.s.j.e.a.AnnotationMBeanExporter        : Bean with name 'environmentManager' has been autodetected for JMX exposure
2019-05-19 16:49:36.954  INFO [tsf-credit,,,] 1284 --- [main] o.s.j.e.a.AnnotationMBeanExporter        : Bean with name 'refreshScope' has been autodetected for JMX exposure
2019-05-19 16:49:36.955  INFO [tsf-credit,,,] 1284 --- [main] o.s.j.e.a.AnnotationMBeanExporter        : Bean with name 'configurationPropertiesRebinder' has been autodetected for JMX exposure
2019-05-19 16:49:36.959  INFO [tsf-credit,,,] 1284 --- [main] o.s.j.e.a.AnnotationMBeanExporter        : Located managed bean 'environmentManager': registering with JMX server as MBean [org.springframework.cloud.context.environment:name=environmentManager,type=EnvironmentManager]
2019-05-19 16:49:36.966  INFO [tsf-credit,,,] 1284 --- [main] o.s.j.e.a.AnnotationMBeanExporter        : Located managed bean 'refreshScope': registering with JMX server as MBean [org.springframework.cloud.context.scope.refresh:name=refreshScope,type=RefreshScope]
2019-05-19 16:49:36.973  INFO [tsf-credit,,,] 1284 --- [main] o.s.j.e.a.AnnotationMBeanExporter        : Located managed bean 'configurationPropertiesRebinder': registering with JMX server as MBean [org.springframework.cloud.context.properties:name=configurationPropertiesRebinder,context=12bcd0c0,type=ConfigurationPropertiesRebinder]
2019-05-19 16:49:37.003  INFO [tsf-credit,,,] 1284 --- [main] o.s.c.support.DefaultLifecycleProcessor  : Starting beans in phase -1
2019-05-19 16:49:37.004  INFO [tsf-credit,,,] 1284 --- [main] o.s.c.support.DefaultLifecycleProcessor  : Starting beans in phase 0
2019-05-19 16:49:37.043  INFO [tsf-credit,,,] 1284 --- [pool-2-thread-1] o.s.c.t.r.sync.TsfRouteConsulKVLoader    : tsf route rule, routeRuleInfoMap: {}
2019-05-19 16:49:37.043  INFO [tsf-credit,,,] 1284 --- [pool-2-thread-3] o.s.c.t.r.sync.TsfRouteConsulKVLoader    : tsf route affinity, affinity: true
2019-05-19 16:49:37.061  INFO [tsf-credit,,,] 1284 --- [main] o.s.b.w.embedded.tomcat.TomcatWebServer  : Tomcat started on port(s): 9018 (http) with context path ''
2019-05-19 16:49:37.074  INFO [tsf-credit,,,] 1284 --- [main] o.s.c.c.s.ConsulServiceRegistry          : Registering service with consul: TsfNewService{id='tsf-credit-9018', name='tsf-credit', tags=[secure=false], address='192.168.213.103', port=9018, meta={TSF_INSTNACE_ID=, TSF_PROG_VERSION=, TSF_REGION=, TSF_ZONE=, TSF_GROUP_ID=, TSF_APPLICATION_ID=}, enableTagOverride=null, check=Check{script='null', interval='null', ttl='30s', http='null', tcp='null', timeout='null', deregisterCriticalServiceAfter='null', tlsSkipVerify=null, status='null'}, checks=null}
2019-05-19 16:49:37.111  INFO [tsf-credit,,,] 1284 --- [main] com.tsf.tsfcredit.TsfCreditApplication   : Started TsfCreditApplication in 7.068 seconds (JVM running for 7.866)
