2019-05-18 14:08:50.476  INFO [tsf-order,,,] 17756 --- [main] com.tsf.tsforder.TsfOrderApplication     : No active profile set, falling back to default profiles: default
2019-05-18 14:08:50.492  INFO [tsf-order,,,] 17756 --- [main] ConfigServletWebServerApplicationContext : Refreshing org.springframework.boot.web.servlet.context.AnnotationConfigServletWebServerApplicationContext@41813449: startup date [Sat May 18 14:08:50 CST 2019]; parent: org.springframework.context.annotation.AnnotationConfigApplicationContext@2d1ef81a
2019-05-18 14:08:51.088  INFO [tsf-order,,,] 17756 --- [main] o.s.b.f.s.DefaultListableBeanFactory     : Overriding bean definition for bean 'filterRegistrationBean' with a different definition: replacing [Root bean: class [null]; scope=; abstract=false; lazyInit=false; autowireMode=3; dependencyCheck=0; autowireCandidate=true; primary=false; factoryBeanName=org.springframework.tsf.core.config.ContextConfiguration; factoryMethodName=filterRegistrationBean; initMethodName=null; destroyMethodName=(inferred); defined in class path resource [org/springframework/tsf/core/config/ContextConfiguration.class]] with [Root bean: class [null]; scope=; abstract=false; lazyInit=false; autowireMode=3; dependencyCheck=0; autowireCandidate=true; primary=false; factoryBeanName=org.springframework.tsf.ratelimit.config.RatelimitConfiguration; factoryMethodName=filterRegistrationBean; initMethodName=null; destroyMethodName=(inferred); defined in class path resource [org/springframework/tsf/ratelimit/config/RatelimitConfiguration.class]]
2019-05-18 14:08:51.291  INFO [tsf-order,,,] 17756 --- [main] o.s.cloud.context.scope.GenericScope     : BeanFactory id=ff3aaabb-6efe-3582-85d8-f311ec05093f
2019-05-18 14:08:51.306  INFO [tsf-order,,,] 17756 --- [main] f.a.AutowiredAnnotationBeanPostProcessor : JSR-330 'javax.inject.Inject' annotation found and supported for autowiring
2019-05-18 14:08:51.570  INFO [tsf-order,,,] 17756 --- [main] trationDelegate$BeanPostProcessorChecker : Bean 'org.springframework.cloud.autoconfigure.ConfigurationPropertiesRebinderAutoConfiguration' of type [org.springframework.cloud.autoconfigure.ConfigurationPropertiesRebinderAutoConfiguration$$EnhancerBySpringCGLIB$$d7213091] is not eligible for getting processed by all BeanPostProcessors (for example: not eligible for auto-proxying)
2019-05-18 14:08:51.587  INFO [tsf-order,,,] 17756 --- [main] trationDelegate$BeanPostProcessorChecker : Bean 'org.springframework.cloud.consul.config.ConsulConfigAutoConfiguration$ConsulRefreshConfiguration' of type [org.springframework.cloud.consul.config.ConsulConfigAutoConfiguration$ConsulRefreshConfiguration$$EnhancerBySpringCGLIB$$d1127ba9] is not eligible for getting processed by all BeanPostProcessors (for example: not eligible for auto-proxying)
2019-05-18 14:08:51.629  INFO [tsf-order,,,] 17756 --- [main] trationDelegate$BeanPostProcessorChecker : Bean 'org.springframework.cloud.tsf.route.config.TsfRouteFilterAutoConfiguration$TsfRouteAsyncRestTemplateConfig' of type [org.springframework.cloud.tsf.route.config.TsfRouteFilterAutoConfiguration$TsfRouteAsyncRestTemplateConfig$$EnhancerBySpringCGLIB$$f7e8ef4c] is not eligible for getting processed by all BeanPostProcessors (for example: not eligible for auto-proxying)
2019-05-18 14:08:51.638  INFO [tsf-order,,,] 17756 --- [main] trationDelegate$BeanPostProcessorChecker : Bean 'tsfRouteAsyncRestTemplateInterceptor' of type [org.springframework.cloud.tsf.route.interceptor.TsfRouteAsyncRestTemplateInterceptor] is not eligible for getting processed by all BeanPostProcessors (for example: not eligible for auto-proxying)
2019-05-18 14:08:51.647  INFO [tsf-order,,,] 17756 --- [main] trationDelegate$BeanPostProcessorChecker : Bean 'org.springframework.cloud.tsf.route.config.TsfRouteFilterAutoConfiguration$TsfRouteRestTemplateConfig' of type [org.springframework.cloud.tsf.route.config.TsfRouteFilterAutoConfiguration$TsfRouteRestTemplateConfig$$EnhancerBySpringCGLIB$$42544402] is not eligible for getting processed by all BeanPostProcessors (for example: not eligible for auto-proxying)
2019-05-18 14:08:51.653  INFO [tsf-order,,,] 17756 --- [main] trationDelegate$BeanPostProcessorChecker : Bean 'tsfRouteRestTemplateInterceptor' of type [org.springframework.cloud.tsf.route.interceptor.TsfRouteRestTemplateInterceptor] is not eligible for getting processed by all BeanPostProcessors (for example: not eligible for auto-proxying)
2019-05-18 14:08:51.661  INFO [tsf-order,,,] 17756 --- [main] trationDelegate$BeanPostProcessorChecker : Bean 'org.springframework.tsf.core.config.ContextConfiguration$TsfAsyncRestTemplateConfig' of type [org.springframework.tsf.core.config.ContextConfiguration$TsfAsyncRestTemplateConfig$$EnhancerBySpringCGLIB$$c7334db0] is not eligible for getting processed by all BeanPostProcessors (for example: not eligible for auto-proxying)
2019-05-18 14:08:51.852  INFO [tsf-order,,,] 17756 --- [main] trationDelegate$BeanPostProcessorChecker : Bean 'org.springframework.tsf.core.entity.Metadata' of type [org.springframework.tsf.core.entity.Metadata$$EnhancerBySpringCGLIB$$8aa41a12] is not eligible for getting processed by all BeanPostProcessors (for example: not eligible for auto-proxying)
2019-05-18 14:08:51.856  INFO [tsf-order,,,] 17756 --- [main] trationDelegate$BeanPostProcessorChecker : Bean 'tsfAsyncRestTemplateInterceptor' of type [org.springframework.tsf.core.filter.TsfAsyncRestTemplateInterceptor] is not eligible for getting processed by all BeanPostProcessors (for example: not eligible for auto-proxying)
2019-05-18 14:08:51.864  INFO [tsf-order,,,] 17756 --- [main] trationDelegate$BeanPostProcessorChecker : Bean 'org.springframework.tsf.core.config.ContextConfiguration$TsfRestTemplateConfig' of type [org.springframework.tsf.core.config.ContextConfiguration$TsfRestTemplateConfig$$EnhancerBySpringCGLIB$$9d19771e] is not eligible for getting processed by all BeanPostProcessors (for example: not eligible for auto-proxying)
2019-05-18 14:08:51.871  INFO [tsf-order,,,] 17756 --- [main] trationDelegate$BeanPostProcessorChecker : Bean 'tsfRestTemplateInterceptor' of type [org.springframework.tsf.core.filter.TsfRestTemplateInterceptor] is not eligible for getting processed by all BeanPostProcessors (for example: not eligible for auto-proxying)
2019-05-18 14:08:52.227  INFO [tsf-order,,,] 17756 --- [main] o.s.b.w.embedded.tomcat.TomcatWebServer  : Tomcat initialized with port(s): 18002 (http)
2019-05-18 14:08:52.252  INFO [tsf-order,,,] 17756 --- [main] o.apache.catalina.core.StandardService   : Starting service [Tomcat]
2019-05-18 14:08:52.253  INFO [tsf-order,,,] 17756 --- [main] org.apache.catalina.core.StandardEngine  : Starting Servlet Engine: Apache Tomcat/8.5.35
2019-05-18 14:08:52.256  INFO [tsf-order,,,] 17756 --- [localhost-startStop-1] o.a.catalina.core.AprLifecycleListener   : The APR based Apache Tomcat Native library which allows optimal performance in production environments was not found on the java.library.path: [C:\Program Files\Java\jdk1.8.0_201\bin;C:\Windows\Sun\Java\bin;C:\Windows\system32;C:\Windows;C:\Program Files (x86)\Common Files\Oracle\Java\javapath;C:\Program Files (x86)\Intel\Intel(R) Management Engine Components\iCLS\;C:\Program Files\Intel\Intel(R) Management Engine Components\iCLS\;C:\Windows\system32;C:\Windows;C:\Windows\System32\Wbem;C:\Windows\System32\WindowsPowerShell\v1.0\;C:\Windows\System32\OpenSSH\;C:\Program Files (x86)\Intel\Intel(R) Management Engine Components\DAL;C:\Program Files\Intel\Intel(R) Management Engine Components\DAL;C:\Program Files\Intel\WiFi\bin\;C:\Program Files\Common Files\Intel\WirelessCommon\;C:\Program Files (x86)\NVIDIA Corporation\PhysX\Common;D:\Git\cmd;C:\Program Files\Java\jdk1.8.0_201\jre\bin;C:\Program Files\Java\jdk1.8.0_201\bin;%Maven_Home%\bin;C:\Users\anchnet\AppData\Local\Microsoft\WindowsApps;;.]
2019-05-18 14:08:52.400  INFO [tsf-order,,,] 17756 --- [localhost-startStop-1] o.a.c.c.C.[Tomcat].[localhost].[/]       : Initializing Spring embedded WebApplicationContext
2019-05-18 14:08:52.400  INFO [tsf-order,,,] 17756 --- [localhost-startStop-1] o.s.web.context.ContextLoader            : Root WebApplicationContext: initialization completed in 1908 ms
2019-05-18 14:08:52.617  WARN [tsf-order,,,] 17756 --- [localhost-startStop-1] c.n.c.sources.URLConfigurationSource     : No URLs will be polled as dynamic configuration sources.
2019-05-18 14:08:52.618  INFO [tsf-order,,,] 17756 --- [localhost-startStop-1] c.n.c.sources.URLConfigurationSource     : To enable URLs as dynamic configuration sources, define System property archaius.configurationSource.additionalUrls or make config.properties available on classpath.
2019-05-18 14:08:52.625  INFO [tsf-order,,,] 17756 --- [localhost-startStop-1] c.netflix.config.DynamicPropertyFactory  : DynamicPropertyFactory is initialized with configuration sources: com.netflix.config.ConcurrentCompositeConfiguration@d323eba
2019-05-18 14:08:54.177  INFO [tsf-order,,,] 17756 --- [localhost-startStop-1] o.s.b.w.servlet.FilterRegistrationBean   : Mapping filter: 'characterEncodingFilter' to: [/*]
2019-05-18 14:08:54.178  INFO [tsf-order,,,] 17756 --- [localhost-startStop-1] o.s.b.w.servlet.FilterRegistrationBean   : Mapping filter: 'webMvcMetricsFilter' to: [/*]
2019-05-18 14:08:54.178  INFO [tsf-order,,,] 17756 --- [localhost-startStop-1] o.s.b.w.servlet.FilterRegistrationBean   : Mapping filter: 'contextFilter' to: [/*]
2019-05-18 14:08:54.178  INFO [tsf-order,,,] 17756 --- [localhost-startStop-1] o.s.b.w.servlet.FilterRegistrationBean   : Mapping filter: 'tracingFilter' to: [/*]
2019-05-18 14:08:54.178  INFO [tsf-order,,,] 17756 --- [localhost-startStop-1] o.s.b.w.servlet.FilterRegistrationBean   : Mapping filter: 'exceptionLoggingFilter' to: [/*]
2019-05-18 14:08:54.178  INFO [tsf-order,,,] 17756 --- [localhost-startStop-1] o.s.b.w.servlet.FilterRegistrationBean   : Mapping filter: 'collectFilter' to: [/*]
2019-05-18 14:08:54.178  INFO [tsf-order,,,] 17756 --- [localhost-startStop-1] o.s.b.w.servlet.FilterRegistrationBean   : Mapping filter: 'hiddenHttpMethodFilter' to: [/*]
2019-05-18 14:08:54.178  INFO [tsf-order,,,] 17756 --- [localhost-startStop-1] o.s.b.w.servlet.FilterRegistrationBean   : Mapping filter: 'httpPutFormContentFilter' to: [/*]
2019-05-18 14:08:54.178  INFO [tsf-order,,,] 17756 --- [localhost-startStop-1] o.s.b.w.servlet.FilterRegistrationBean   : Mapping filter: 'requestContextFilter' to: [/*]
2019-05-18 14:08:54.178  INFO [tsf-order,,,] 17756 --- [localhost-startStop-1] o.s.b.w.servlet.FilterRegistrationBean   : Mapping filter: 'httpTraceFilter' to: [/*]
2019-05-18 14:08:54.179  INFO [tsf-order,,,] 17756 --- [localhost-startStop-1] o.s.b.w.servlet.ServletRegistrationBean  : Servlet dispatcherServlet mapped to [/]
2019-05-18 14:08:54.226  INFO [tsf-order,,,] 17756 --- [main] s.c.a.AnnotationConfigApplicationContext : Refreshing FeignContext-tsf-repetory: startup date [Sat May 18 14:08:54 CST 2019]; parent: org.springframework.boot.web.servlet.context.AnnotationConfigServletWebServerApplicationContext@41813449
2019-05-18 14:08:54.238  INFO [tsf-order,,,] 17756 --- [main] f.a.AutowiredAnnotationBeanPostProcessor : JSR-330 'javax.inject.Inject' annotation found and supported for autowiring
2019-05-18 14:08:54.426  INFO [tsf-order,,,] 17756 --- [main] s.c.a.AnnotationConfigApplicationContext : Refreshing FeignContext-tsf-book: startup date [Sat May 18 14:08:54 CST 2019]; parent: org.springframework.boot.web.servlet.context.AnnotationConfigServletWebServerApplicationContext@41813449
2019-05-18 14:08:54.434  INFO [tsf-order,,,] 17756 --- [main] f.a.AutowiredAnnotationBeanPostProcessor : JSR-330 'javax.inject.Inject' annotation found and supported for autowiring
2019-05-18 14:08:54.485  WARN [tsf-order,,,] 17756 --- [main] c.n.c.sources.URLConfigurationSource     : No URLs will be polled as dynamic configuration sources.
2019-05-18 14:08:54.485  INFO [tsf-order,,,] 17756 --- [main] c.n.c.sources.URLConfigurationSource     : To enable URLs as dynamic configuration sources, define System property archaius.configurationSource.additionalUrls or make config.properties available on classpath.
2019-05-18 14:08:54.587  INFO [tsf-order,,,] 17756 --- [main] o.s.w.s.handler.SimpleUrlHandlerMapping  : Mapped URL path [/**/favicon.ico] onto handler of type [class org.springframework.web.servlet.resource.ResourceHttpRequestHandler]
2019-05-18 14:08:54.790  INFO [tsf-order,,,] 17756 --- [main] s.w.s.m.m.a.RequestMappingHandlerAdapter : Looking for @ControllerAdvice: org.springframework.boot.web.servlet.context.AnnotationConfigServletWebServerApplicationContext@41813449: startup date [Sat May 18 14:08:50 CST 2019]; parent: org.springframework.context.annotation.AnnotationConfigApplicationContext@2d1ef81a
2019-05-18 14:08:54.848  INFO [tsf-order,,,] 17756 --- [main] s.w.s.m.m.a.RequestMappingHandlerMapping : Mapped "{[/order/back]}" onto public java.lang.String com.tsf.tsforder.OrderController.back(com.tsf.tsforder.OrderParm)
2019-05-18 14:08:54.849  INFO [tsf-order,,,] 17756 --- [main] s.w.s.m.m.a.RequestMappingHandlerMapping : Mapped "{[/order/borrow]}" onto public java.lang.String com.tsf.tsforder.OrderController.borrow(com.tsf.tsforder.OrderParm)
2019-05-18 14:08:54.851  INFO [tsf-order,,,] 17756 --- [main] s.w.s.m.m.a.RequestMappingHandlerMapping : Mapped "{[/error]}" onto public org.springframework.http.ResponseEntity<java.util.Map<java.lang.String, java.lang.Object>> org.springframework.boot.autoconfigure.web.servlet.error.BasicErrorController.error(javax.servlet.http.HttpServletRequest)
2019-05-18 14:08:54.851  INFO [tsf-order,,,] 17756 --- [main] s.w.s.m.m.a.RequestMappingHandlerMapping : Mapped "{[/error],produces=[text/html]}" onto public org.springframework.web.servlet.ModelAndView org.springframework.boot.autoconfigure.web.servlet.error.BasicErrorController.errorHtml(javax.servlet.http.HttpServletRequest,javax.servlet.http.HttpServletResponse)
2019-05-18 14:08:54.890  INFO [tsf-order,,,] 17756 --- [main] o.s.w.s.handler.SimpleUrlHandlerMapping  : Mapped URL path [/webjars/**] onto handler of type [class org.springframework.web.servlet.resource.ResourceHttpRequestHandler]
2019-05-18 14:08:54.890  INFO [tsf-order,,,] 17756 --- [main] o.s.w.s.handler.SimpleUrlHandlerMapping  : Mapped URL path [/**] onto handler of type [class org.springframework.web.servlet.resource.ResourceHttpRequestHandler]
2019-05-18 14:08:55.336  INFO [tsf-order,,,] 17756 --- [main] o.s.s.c.ThreadPoolTaskScheduler          : Initializing ExecutorService 'catalogWatchTaskScheduler'
2019-05-18 14:08:55.517  INFO [tsf-order,,,] 17756 --- [main] o.s.s.c.ThreadPoolTaskScheduler          : Initializing ExecutorService 'configWatchTaskScheduler'
2019-05-18 14:08:55.645  INFO [tsf-order,,,] 17756 --- [main] o.s.aop.framework.CglibAopProxy          : Method [void java.util.concurrent.ScheduledThreadPoolExecutor.onShutdown()] is package-visible across different ClassLoaders and cannot get proxied via CGLIB: Declare this method as public or protected if you need to support invocations through the proxy.
2019-05-18 14:08:55.645  INFO [tsf-order,,,] 17756 --- [main] o.s.aop.framework.CglibAopProxy          : Method [boolean java.util.concurrent.ScheduledThreadPoolExecutor.canRunInCurrentRunState(boolean)] is package-visible across different ClassLoaders and cannot get proxied via CGLIB: Declare this method as public or protected if you need to support invocations through the proxy.
2019-05-18 14:08:55.645  INFO [tsf-order,,,] 17756 --- [main] o.s.aop.framework.CglibAopProxy          : Final method [final long java.util.concurrent.ScheduledThreadPoolExecutor.now()] cannot get proxied via CGLIB: Calls to this method will NOT be routed to the target instance and might lead to NPEs against uninitialized fields in the proxy instance.
2019-05-18 14:08:55.645  INFO [tsf-order,,,] 17756 --- [main] o.s.aop.framework.CglibAopProxy          : Method [void java.util.concurrent.ScheduledThreadPoolExecutor.reExecutePeriodic(java.util.concurrent.RunnableScheduledFuture)] is package-visible across different ClassLoaders and cannot get proxied via CGLIB: Declare this method as public or protected if you need to support invocations through the proxy.
2019-05-18 14:08:55.645  INFO [tsf-order,,,] 17756 --- [main] o.s.aop.framework.CglibAopProxy          : Method [long java.util.concurrent.ScheduledThreadPoolExecutor.triggerTime(long)] is package-visible across different ClassLoaders and cannot get proxied via CGLIB: Declare this method as public or protected if you need to support invocations through the proxy.
2019-05-18 14:08:55.645  INFO [tsf-order,,,] 17756 --- [main] o.s.aop.framework.CglibAopProxy          : Method [void java.util.concurrent.ThreadPoolExecutor.ensurePrestart()] is package-visible across different ClassLoaders and cannot get proxied via CGLIB: Declare this method as public or protected if you need to support invocations through the proxy.
2019-05-18 14:08:55.646  INFO [tsf-order,,,] 17756 --- [main] o.s.aop.framework.CglibAopProxy          : Final method [final boolean java.util.concurrent.ThreadPoolExecutor.isRunningOrShutdown(boolean)] cannot get proxied via CGLIB: Calls to this method will NOT be routed to the target instance and might lead to NPEs against uninitialized fields in the proxy instance.
2019-05-18 14:08:55.646  INFO [tsf-order,,,] 17756 --- [main] o.s.aop.framework.CglibAopProxy          : Method [void java.util.concurrent.ThreadPoolExecutor.onShutdown()] is package-visible across different ClassLoaders and cannot get proxied via CGLIB: Declare this method as public or protected if you need to support invocations through the proxy.
2019-05-18 14:08:55.646  INFO [tsf-order,,,] 17756 --- [main] o.s.aop.framework.CglibAopProxy          : Final method [final void java.util.concurrent.ThreadPoolExecutor.reject(java.lang.Runnable)] cannot get proxied via CGLIB: Calls to this method will NOT be routed to the target instance and might lead to NPEs against uninitialized fields in the proxy instance.
2019-05-18 14:08:55.646  INFO [tsf-order,,,] 17756 --- [main] o.s.aop.framework.CglibAopProxy          : Final method [final void java.util.concurrent.ThreadPoolExecutor.runWorker(java.util.concurrent.ThreadPoolExecutor$Worker)] cannot get proxied via CGLIB: Calls to this method will NOT be routed to the target instance and might lead to NPEs against uninitialized fields in the proxy instance.
2019-05-18 14:08:55.646  INFO [tsf-order,,,] 17756 --- [main] o.s.aop.framework.CglibAopProxy          : Final method [final void java.util.concurrent.ThreadPoolExecutor.tryTerminate()] cannot get proxied via CGLIB: Calls to this method will NOT be routed to the target instance and might lead to NPEs against uninitialized fields in the proxy instance.
2019-05-18 14:08:55.655  INFO [tsf-order,,,] 17756 --- [main] o.s.s.concurrent.ThreadPoolTaskExecutor  : Initializing ExecutorService
2019-05-18 14:08:55.659  INFO [tsf-order,,,] 17756 --- [main] o.s.s.concurrent.ThreadPoolTaskExecutor  : Initializing ExecutorService 'tsfThreadPoolTaskExecutor'
2019-05-18 14:08:55.692  INFO [tsf-order,,,] 17756 --- [main] o.s.b.a.e.web.EndpointLinksResolver      : Exposing 2 endpoint(s) beneath base path '/actuator'
2019-05-18 14:08:55.701  INFO [tsf-order,,,] 17756 --- [main] s.b.a.e.w.s.WebMvcEndpointHandlerMapping : Mapped "{[/actuator/health],methods=[GET],produces=[application/vnd.spring-boot.actuator.v2+json || application/json]}" onto public java.lang.Object org.springframework.boot.actuate.endpoint.web.servlet.AbstractWebMvcEndpointHandlerMapping$OperationHandler.handle(javax.servlet.http.HttpServletRequest,java.util.Map<java.lang.String, java.lang.String>)
2019-05-18 14:08:55.702  INFO [tsf-order,,,] 17756 --- [main] s.b.a.e.w.s.WebMvcEndpointHandlerMapping : Mapped "{[/actuator/info],methods=[GET],produces=[application/vnd.spring-boot.actuator.v2+json || application/json]}" onto public java.lang.Object org.springframework.boot.actuate.endpoint.web.servlet.AbstractWebMvcEndpointHandlerMapping$OperationHandler.handle(javax.servlet.http.HttpServletRequest,java.util.Map<java.lang.String, java.lang.String>)
2019-05-18 14:08:55.702  INFO [tsf-order,,,] 17756 --- [main] s.b.a.e.w.s.WebMvcEndpointHandlerMapping : Mapped "{[/actuator],methods=[GET],produces=[application/vnd.spring-boot.actuator.v2+json || application/json]}" onto protected java.util.Map<java.lang.String, java.util.Map<java.lang.String, org.springframework.boot.actuate.endpoint.web.Link>> org.springframework.boot.actuate.endpoint.web.servlet.WebMvcEndpointHandlerMapping.links(javax.servlet.http.HttpServletRequest,javax.servlet.http.HttpServletResponse)
2019-05-18 14:08:55.757  INFO [tsf-order,,,] 17756 --- [main] o.s.j.e.a.AnnotationMBeanExporter        : Registering beans for JMX exposure on startup
2019-05-18 14:08:55.765  INFO [tsf-order,,,] 17756 --- [main] o.s.j.e.a.AnnotationMBeanExporter        : Bean with name 'environmentManager' has been autodetected for JMX exposure
2019-05-18 14:08:55.765  INFO [tsf-order,,,] 17756 --- [main] o.s.j.e.a.AnnotationMBeanExporter        : Bean with name 'refreshScope' has been autodetected for JMX exposure
2019-05-18 14:08:55.766  INFO [tsf-order,,,] 17756 --- [main] o.s.j.e.a.AnnotationMBeanExporter        : Bean with name 'configurationPropertiesRebinder' has been autodetected for JMX exposure
2019-05-18 14:08:55.770  INFO [tsf-order,,,] 17756 --- [main] o.s.j.e.a.AnnotationMBeanExporter        : Located managed bean 'environmentManager': registering with JMX server as MBean [org.springframework.cloud.context.environment:name=environmentManager,type=EnvironmentManager]
2019-05-18 14:08:55.782  INFO [tsf-order,,,] 17756 --- [main] o.s.j.e.a.AnnotationMBeanExporter        : Located managed bean 'refreshScope': registering with JMX server as MBean [org.springframework.cloud.context.scope.refresh:name=refreshScope,type=RefreshScope]
2019-05-18 14:08:55.790  INFO [tsf-order,,,] 17756 --- [main] o.s.j.e.a.AnnotationMBeanExporter        : Located managed bean 'configurationPropertiesRebinder': registering with JMX server as MBean [org.springframework.cloud.context.properties:name=configurationPropertiesRebinder,context=41813449,type=ConfigurationPropertiesRebinder]
2019-05-18 14:08:55.820  INFO [tsf-order,,,] 17756 --- [main] o.s.c.support.DefaultLifecycleProcessor  : Starting beans in phase -1
2019-05-18 14:08:55.820  INFO [tsf-order,,,] 17756 --- [main] o.s.c.support.DefaultLifecycleProcessor  : Starting beans in phase 0
2019-05-18 14:08:55.859  INFO [tsf-order,,,] 17756 --- [pool-2-thread-4] o.s.c.t.r.sync.TsfRouteConsulKVLoader    : tsf route affinity, affinity: true
2019-05-18 14:08:55.859  INFO [tsf-order,,,] 17756 --- [pool-2-thread-1] o.s.c.t.r.sync.TsfRouteConsulKVLoader    : tsf route rule, routeRuleInfoMap: {}
2019-05-18 14:08:55.876  INFO [tsf-order,,,] 17756 --- [main] o.s.b.w.embedded.tomcat.TomcatWebServer  : Tomcat started on port(s): 18002 (http) with context path ''
2019-05-18 14:08:55.888  INFO [tsf-order,,,] 17756 --- [main] o.s.c.c.s.ConsulServiceRegistry          : Registering service with consul: TsfNewService{id='tsf-order-18002', name='tsf-order', tags=[secure=false], address='192.168.220.143', port=18002, meta={TSF_INSTNACE_ID=, TSF_PROG_VERSION=, TSF_REGION=, TSF_ZONE=, TSF_GROUP_ID=, TSF_APPLICATION_ID=}, enableTagOverride=null, check=Check{script='null', interval='null', ttl='30s', http='null', tcp='null', timeout='null', deregisterCriticalServiceAfter='null', tlsSkipVerify=null, status='null'}, checks=null}
2019-05-18 14:08:55.926  INFO [tsf-order,,,] 17756 --- [main] com.tsf.tsforder.TsfOrderApplication     : Started TsfOrderApplication in 7.224 seconds (JVM running for 7.987)
2019-05-18 14:09:49.855  INFO [tsf-order,,,] 17756 --- [http-nio-18002-exec-1] o.a.c.c.C.[Tomcat].[localhost].[/]       : Initializing Spring FrameworkServlet 'dispatcherServlet'
2019-05-18 14:09:49.855  INFO [tsf-order,,,] 17756 --- [http-nio-18002-exec-1] o.s.web.servlet.DispatcherServlet        : FrameworkServlet 'dispatcherServlet': initialization started
2019-05-18 14:09:49.877  INFO [tsf-order,,,] 17756 --- [http-nio-18002-exec-1] o.s.web.servlet.DispatcherServlet        : FrameworkServlet 'dispatcherServlet': initialization completed in 22 ms
2019-05-18 14:09:49.937  WARN [tsf-order,e183e005ceb3c256,e183e005ceb3c256,true] 17756 --- [http-nio-18002-exec-1] o.s.c.t.r.util.TsfRouteInterceptUtil     : tsf route, handle request tsf route rule , target service name is null, route not work.
2019-05-18 14:09:49.941  INFO [tsf-order,e183e005ceb3c256,e183e005ceb3c256,true] 17756 --- [http-nio-18002-exec-1] s.c.a.AnnotationConfigApplicationContext : Refreshing SpringClientFactory-tsf-repetory: startup date [Sat May 18 14:09:49 CST 2019]; parent: org.springframework.boot.web.servlet.context.AnnotationConfigServletWebServerApplicationContext@41813449
2019-05-18 14:09:49.979  INFO [tsf-order,e183e005ceb3c256,e183e005ceb3c256,true] 17756 --- [http-nio-18002-exec-1] f.a.AutowiredAnnotationBeanPostProcessor : JSR-330 'javax.inject.Inject' annotation found and supported for autowiring
2019-05-18 14:09:50.176  INFO [tsf-order,e183e005ceb3c256,e183e005ceb3c256,true] 17756 --- [http-nio-18002-exec-1] c.n.u.concurrent.ShutdownEnabledTimer    : Shutdown hook installed for: NFLoadBalancer-PingTimer-tsf-repetory
2019-05-18 14:09:50.219  INFO [tsf-order,e183e005ceb3c256,e183e005ceb3c256,true] 17756 --- [http-nio-18002-exec-1] c.netflix.loadbalancer.BaseLoadBalancer  : Client: tsf-repetory instantiated a LoadBalancer: DynamicServerListLoadBalancer:{NFLoadBalancer:name=tsf-repetory,current list of Servers=[],Load balancer stats=Zone stats: {},Server stats: []}ServerList:null
2019-05-18 14:09:50.224  INFO [tsf-order,e183e005ceb3c256,e183e005ceb3c256,true] 17756 --- [http-nio-18002-exec-1] c.n.l.DynamicServerListLoadBalancer      : Using serverListUpdater PollingServerListUpdater
2019-05-18 14:09:50.274  INFO [tsf-order,e183e005ceb3c256,e183e005ceb3c256,true] 17756 --- [http-nio-18002-exec-1] c.n.l.DynamicServerListLoadBalancer      : DynamicServerListLoadBalancer for client tsf-repetory initialized: DynamicServerListLoadBalancer:{NFLoadBalancer:name=tsf-repetory,current list of Servers=[192.168.220.143:18003],Load balancer stats=Zone stats: {unknown=[Zone:unknown;	Instance count:1;	Active connections count: 0;	Circuit breaker tripped count: 0;	Active connections per server: 0.0;]
},Server stats: [[Server:192.168.220.143:18003;	Zone:UNKNOWN;	Total Requests:0;	Successive connection failure:0;	Total blackout seconds:0;	Last connection made:Thu Jan 01 08:00:00 CST 1970;	First connection made: Thu Jan 01 08:00:00 CST 1970;	Active Connections:0;	total failure count in last (1000) msecs:0;	average resp time:0.0;	90 percentile resp time:0.0;	95 percentile resp time:0.0;	min resp time:0.0;	max resp time:0.0;	stddev resp time:0.0]
]}ServerList:ConsulServerList{serviceId='tsf-repetory', tag=null}
2019-05-18 14:09:50.463  WARN [tsf-order,e183e005ceb3c256,e183e005ceb3c256,true] 17756 --- [http-nio-18002-exec-1] o.s.c.t.r.util.TsfRouteInterceptUtil     : tsf route, handle request tsf route rule , target service name is null, route not work.
2019-05-18 14:10:50.419  WARN [tsf-order,8a6d77d2717bcf8b,8a6d77d2717bcf8b,true] 17756 --- [http-nio-18002-exec-3] o.s.c.t.r.util.TsfRouteInterceptUtil     : tsf route, handle request tsf route rule , target service name is null, route not work.
2019-05-18 14:10:50.437  WARN [tsf-order,8a6d77d2717bcf8b,8a6d77d2717bcf8b,true] 17756 --- [http-nio-18002-exec-3] o.s.c.t.r.util.TsfRouteInterceptUtil     : tsf route, handle request tsf route rule , target service name is null, route not work.
2019-05-18 14:11:09.883  WARN [tsf-order,1f442e7e8531edbd,1f442e7e8531edbd,true] 17756 --- [http-nio-18002-exec-4] o.s.c.t.r.util.TsfRouteInterceptUtil     : tsf route, handle request tsf route rule , target service name is null, route not work.
2019-05-18 14:11:09.885  INFO [tsf-order,1f442e7e8531edbd,1f442e7e8531edbd,true] 17756 --- [http-nio-18002-exec-4] s.c.a.AnnotationConfigApplicationContext : Refreshing SpringClientFactory-tsf-book: startup date [Sat May 18 14:11:09 CST 2019]; parent: org.springframework.boot.web.servlet.context.AnnotationConfigServletWebServerApplicationContext@41813449
2019-05-18 14:11:09.918  INFO [tsf-order,1f442e7e8531edbd,1f442e7e8531edbd,true] 17756 --- [http-nio-18002-exec-4] f.a.AutowiredAnnotationBeanPostProcessor : JSR-330 'javax.inject.Inject' annotation found and supported for autowiring
2019-05-18 14:11:09.930  INFO [tsf-order,1f442e7e8531edbd,1f442e7e8531edbd,true] 17756 --- [http-nio-18002-exec-4] c.n.u.concurrent.ShutdownEnabledTimer    : Shutdown hook installed for: NFLoadBalancer-PingTimer-tsf-book
2019-05-18 14:11:09.931  INFO [tsf-order,1f442e7e8531edbd,1f442e7e8531edbd,true] 17756 --- [http-nio-18002-exec-4] c.netflix.loadbalancer.BaseLoadBalancer  : Client: tsf-book instantiated a LoadBalancer: DynamicServerListLoadBalancer:{NFLoadBalancer:name=tsf-book,current list of Servers=[],Load balancer stats=Zone stats: {},Server stats: []}ServerList:null
2019-05-18 14:11:09.935  INFO [tsf-order,1f442e7e8531edbd,1f442e7e8531edbd,true] 17756 --- [http-nio-18002-exec-4] c.n.l.DynamicServerListLoadBalancer      : Using serverListUpdater PollingServerListUpdater
2019-05-18 14:11:09.953  INFO [tsf-order,1f442e7e8531edbd,1f442e7e8531edbd,true] 17756 --- [http-nio-18002-exec-4] c.n.l.DynamicServerListLoadBalancer      : DynamicServerListLoadBalancer for client tsf-book initialized: DynamicServerListLoadBalancer:{NFLoadBalancer:name=tsf-book,current list of Servers=[192.168.220.143:18087],Load balancer stats=Zone stats: {unknown=[Zone:unknown;	Instance count:1;	Active connections count: 0;	Circuit breaker tripped count: 0;	Active connections per server: 0.0;]
},Server stats: [[Server:192.168.220.143:18087;	Zone:UNKNOWN;	Total Requests:0;	Successive connection failure:0;	Total blackout seconds:0;	Last connection made:Thu Jan 01 08:00:00 CST 1970;	First connection made: Thu Jan 01 08:00:00 CST 1970;	Active Connections:0;	total failure count in last (1000) msecs:0;	average resp time:0.0;	90 percentile resp time:0.0;	95 percentile resp time:0.0;	min resp time:0.0;	max resp time:0.0;	stddev resp time:0.0]
]}ServerList:ConsulServerList{serviceId='tsf-book', tag=null}
2019-05-18 14:11:09.966  WARN [tsf-order,1f442e7e8531edbd,1f442e7e8531edbd,true] 17756 --- [http-nio-18002-exec-4] o.s.c.t.r.util.TsfRouteInterceptUtil     : tsf route, handle request tsf route rule , target service name is null, route not work.
2019-05-18 14:11:19.324  WARN [tsf-order,6feff8691bcf599d,6feff8691bcf599d,true] 17756 --- [http-nio-18002-exec-8] o.s.c.t.r.util.TsfRouteInterceptUtil     : tsf route, handle request tsf route rule , target service name is null, route not work.
2019-05-18 14:11:19.335  WARN [tsf-order,6feff8691bcf599d,6feff8691bcf599d,true] 17756 --- [http-nio-18002-exec-8] o.s.c.t.r.util.TsfRouteInterceptUtil     : tsf route, handle request tsf route rule , target service name is null, route not work.
2019-05-18 14:43:07.218  WARN [tsf-order,2f158b3e14af5d38,2f158b3e14af5d38,true] 17756 --- [http-nio-18002-exec-5] o.s.c.t.r.util.TsfRouteInterceptUtil     : tsf route, handle request tsf route rule , target service name is null, route not work.
2019-05-18 14:43:07.278  WARN [tsf-order,2f158b3e14af5d38,2f158b3e14af5d38,true] 17756 --- [http-nio-18002-exec-5] o.s.c.t.r.util.TsfRouteInterceptUtil     : tsf route, handle request tsf route rule , target service name is null, route not work.
