2019-05-18 10:48:12.311  INFO [tsf-book,,,] 14424 --- [main] com.tsf.tsfbook.TsfBookApplication       : No active profile set, falling back to default profiles: default
2019-05-18 10:48:12.332  INFO [tsf-book,,,] 14424 --- [main] ConfigServletWebServerApplicationContext : Refreshing org.springframework.boot.web.servlet.context.AnnotationConfigServletWebServerApplicationContext@5b07730f: startup date [Sat May 18 10:48:12 CST 2019]; parent: org.springframework.context.annotation.AnnotationConfigApplicationContext@1165b38
2019-05-18 10:48:13.061  INFO [tsf-book,,,] 14424 --- [main] o.s.b.f.s.DefaultListableBeanFactory     : Overriding bean definition for bean 'filterRegistrationBean' with a different definition: replacing [Root bean: class [null]; scope=; abstract=false; lazyInit=false; autowireMode=3; dependencyCheck=0; autowireCandidate=true; primary=false; factoryBeanName=org.springframework.tsf.core.config.ContextConfiguration; factoryMethodName=filterRegistrationBean; initMethodName=null; destroyMethodName=(inferred); defined in class path resource [org/springframework/tsf/core/config/ContextConfiguration.class]] with [Root bean: class [null]; scope=; abstract=false; lazyInit=false; autowireMode=3; dependencyCheck=0; autowireCandidate=true; primary=false; factoryBeanName=org.springframework.tsf.ratelimit.config.RatelimitConfiguration; factoryMethodName=filterRegistrationBean; initMethodName=null; destroyMethodName=(inferred); defined in class path resource [org/springframework/tsf/ratelimit/config/RatelimitConfiguration.class]]
2019-05-18 10:48:13.253  INFO [tsf-book,,,] 14424 --- [main] o.s.cloud.context.scope.GenericScope     : BeanFactory id=c8fd9bc9-836c-3b14-8346-8f1a448c8418
2019-05-18 10:48:13.270  INFO [tsf-book,,,] 14424 --- [main] f.a.AutowiredAnnotationBeanPostProcessor : JSR-330 'javax.inject.Inject' annotation found and supported for autowiring
2019-05-18 10:48:13.582  INFO [tsf-book,,,] 14424 --- [main] trationDelegate$BeanPostProcessorChecker : Bean 'org.springframework.cloud.autoconfigure.ConfigurationPropertiesRebinderAutoConfiguration' of type [org.springframework.cloud.autoconfigure.ConfigurationPropertiesRebinderAutoConfiguration$$EnhancerBySpringCGLIB$$ed9e5262] is not eligible for getting processed by all BeanPostProcessors (for example: not eligible for auto-proxying)
2019-05-18 10:48:13.600  INFO [tsf-book,,,] 14424 --- [main] trationDelegate$BeanPostProcessorChecker : Bean 'org.springframework.cloud.consul.config.ConsulConfigAutoConfiguration$ConsulRefreshConfiguration' of type [org.springframework.cloud.consul.config.ConsulConfigAutoConfiguration$ConsulRefreshConfiguration$$EnhancerBySpringCGLIB$$e78f9d7a] is not eligible for getting processed by all BeanPostProcessors (for example: not eligible for auto-proxying)
2019-05-18 10:48:13.644  INFO [tsf-book,,,] 14424 --- [main] trationDelegate$BeanPostProcessorChecker : Bean 'org.springframework.cloud.tsf.route.config.TsfRouteFilterAutoConfiguration$TsfRouteAsyncRestTemplateConfig' of type [org.springframework.cloud.tsf.route.config.TsfRouteFilterAutoConfiguration$TsfRouteAsyncRestTemplateConfig$$EnhancerBySpringCGLIB$$e66111d] is not eligible for getting processed by all BeanPostProcessors (for example: not eligible for auto-proxying)
2019-05-18 10:48:13.653  INFO [tsf-book,,,] 14424 --- [main] trationDelegate$BeanPostProcessorChecker : Bean 'tsfRouteAsyncRestTemplateInterceptor' of type [org.springframework.cloud.tsf.route.interceptor.TsfRouteAsyncRestTemplateInterceptor] is not eligible for getting processed by all BeanPostProcessors (for example: not eligible for auto-proxying)
2019-05-18 10:48:13.663  INFO [tsf-book,,,] 14424 --- [main] trationDelegate$BeanPostProcessorChecker : Bean 'org.springframework.cloud.tsf.route.config.TsfRouteFilterAutoConfiguration$TsfRouteRestTemplateConfig' of type [org.springframework.cloud.tsf.route.config.TsfRouteFilterAutoConfiguration$TsfRouteRestTemplateConfig$$EnhancerBySpringCGLIB$$58d165d3] is not eligible for getting processed by all BeanPostProcessors (for example: not eligible for auto-proxying)
2019-05-18 10:48:13.669  INFO [tsf-book,,,] 14424 --- [main] trationDelegate$BeanPostProcessorChecker : Bean 'tsfRouteRestTemplateInterceptor' of type [org.springframework.cloud.tsf.route.interceptor.TsfRouteRestTemplateInterceptor] is not eligible for getting processed by all BeanPostProcessors (for example: not eligible for auto-proxying)
2019-05-18 10:48:13.677  INFO [tsf-book,,,] 14424 --- [main] trationDelegate$BeanPostProcessorChecker : Bean 'org.springframework.tsf.core.config.ContextConfiguration$TsfAsyncRestTemplateConfig' of type [org.springframework.tsf.core.config.ContextConfiguration$TsfAsyncRestTemplateConfig$$EnhancerBySpringCGLIB$$ddb06f81] is not eligible for getting processed by all BeanPostProcessors (for example: not eligible for auto-proxying)
2019-05-18 10:48:13.871  INFO [tsf-book,,,] 14424 --- [main] trationDelegate$BeanPostProcessorChecker : Bean 'org.springframework.tsf.core.entity.Metadata' of type [org.springframework.tsf.core.entity.Metadata$$EnhancerBySpringCGLIB$$a1213be3] is not eligible for getting processed by all BeanPostProcessors (for example: not eligible for auto-proxying)
2019-05-18 10:48:13.876  INFO [tsf-book,,,] 14424 --- [main] trationDelegate$BeanPostProcessorChecker : Bean 'tsfAsyncRestTemplateInterceptor' of type [org.springframework.tsf.core.filter.TsfAsyncRestTemplateInterceptor] is not eligible for getting processed by all BeanPostProcessors (for example: not eligible for auto-proxying)
2019-05-18 10:48:13.884  INFO [tsf-book,,,] 14424 --- [main] trationDelegate$BeanPostProcessorChecker : Bean 'org.springframework.tsf.core.config.ContextConfiguration$TsfRestTemplateConfig' of type [org.springframework.tsf.core.config.ContextConfiguration$TsfRestTemplateConfig$$EnhancerBySpringCGLIB$$b39698ef] is not eligible for getting processed by all BeanPostProcessors (for example: not eligible for auto-proxying)
2019-05-18 10:48:13.891  INFO [tsf-book,,,] 14424 --- [main] trationDelegate$BeanPostProcessorChecker : Bean 'tsfRestTemplateInterceptor' of type [org.springframework.tsf.core.filter.TsfRestTemplateInterceptor] is not eligible for getting processed by all BeanPostProcessors (for example: not eligible for auto-proxying)
2019-05-18 10:48:14.301  INFO [tsf-book,,,] 14424 --- [main] o.s.b.w.embedded.tomcat.TomcatWebServer  : Tomcat initialized with port(s): 18087 (http)
2019-05-18 10:48:14.327  INFO [tsf-book,,,] 14424 --- [main] o.apache.catalina.core.StandardService   : Starting service [Tomcat]
2019-05-18 10:48:14.327  INFO [tsf-book,,,] 14424 --- [main] org.apache.catalina.core.StandardEngine  : Starting Servlet Engine: Apache Tomcat/8.5.35
2019-05-18 10:48:14.330  INFO [tsf-book,,,] 14424 --- [localhost-startStop-1] o.a.catalina.core.AprLifecycleListener   : The APR based Apache Tomcat Native library which allows optimal performance in production environments was not found on the java.library.path: [C:\Program Files\Java\jdk1.8.0_201\bin;C:\Windows\Sun\Java\bin;C:\Windows\system32;C:\Windows;C:\Program Files (x86)\Common Files\Oracle\Java\javapath;C:\Program Files (x86)\Intel\Intel(R) Management Engine Components\iCLS\;C:\Program Files\Intel\Intel(R) Management Engine Components\iCLS\;C:\Windows\system32;C:\Windows;C:\Windows\System32\Wbem;C:\Windows\System32\WindowsPowerShell\v1.0\;C:\Windows\System32\OpenSSH\;C:\Program Files (x86)\Intel\Intel(R) Management Engine Components\DAL;C:\Program Files\Intel\Intel(R) Management Engine Components\DAL;C:\Program Files\Intel\WiFi\bin\;C:\Program Files\Common Files\Intel\WirelessCommon\;C:\Program Files (x86)\NVIDIA Corporation\PhysX\Common;D:\Git\cmd;C:\Program Files\Java\jdk1.8.0_201\jre\bin;C:\Program Files\Java\jdk1.8.0_201\bin;%Maven_Home%\bin;C:\Users\anchnet\AppData\Local\Microsoft\WindowsApps;;.]
2019-05-18 10:48:14.459  INFO [tsf-book,,,] 14424 --- [localhost-startStop-1] o.a.c.c.C.[Tomcat].[localhost].[/]       : Initializing Spring embedded WebApplicationContext
2019-05-18 10:48:14.460  INFO [tsf-book,,,] 14424 --- [localhost-startStop-1] o.s.web.context.ContextLoader            : Root WebApplicationContext: initialization completed in 2128 ms
2019-05-18 10:48:14.650  WARN [tsf-book,,,] 14424 --- [localhost-startStop-1] c.n.c.sources.URLConfigurationSource     : No URLs will be polled as dynamic configuration sources.
2019-05-18 10:48:14.650  INFO [tsf-book,,,] 14424 --- [localhost-startStop-1] c.n.c.sources.URLConfigurationSource     : To enable URLs as dynamic configuration sources, define System property archaius.configurationSource.additionalUrls or make config.properties available on classpath.
2019-05-18 10:48:14.660  INFO [tsf-book,,,] 14424 --- [localhost-startStop-1] c.netflix.config.DynamicPropertyFactory  : DynamicPropertyFactory is initialized with configuration sources: com.netflix.config.ConcurrentCompositeConfiguration@5aaf7fe2
2019-05-18 10:48:16.266  INFO [tsf-book,,,] 14424 --- [localhost-startStop-1] o.s.b.w.servlet.FilterRegistrationBean   : Mapping filter: 'characterEncodingFilter' to: [/*]
2019-05-18 10:48:16.266  INFO [tsf-book,,,] 14424 --- [localhost-startStop-1] o.s.b.w.servlet.FilterRegistrationBean   : Mapping filter: 'webMvcMetricsFilter' to: [/*]
2019-05-18 10:48:16.266  INFO [tsf-book,,,] 14424 --- [localhost-startStop-1] o.s.b.w.servlet.FilterRegistrationBean   : Mapping filter: 'contextFilter' to: [/*]
2019-05-18 10:48:16.266  INFO [tsf-book,,,] 14424 --- [localhost-startStop-1] o.s.b.w.servlet.FilterRegistrationBean   : Mapping filter: 'tracingFilter' to: [/*]
2019-05-18 10:48:16.266  INFO [tsf-book,,,] 14424 --- [localhost-startStop-1] o.s.b.w.servlet.FilterRegistrationBean   : Mapping filter: 'exceptionLoggingFilter' to: [/*]
2019-05-18 10:48:16.266  INFO [tsf-book,,,] 14424 --- [localhost-startStop-1] o.s.b.w.servlet.FilterRegistrationBean   : Mapping filter: 'collectFilter' to: [/*]
2019-05-18 10:48:16.267  INFO [tsf-book,,,] 14424 --- [localhost-startStop-1] o.s.b.w.servlet.FilterRegistrationBean   : Mapping filter: 'hiddenHttpMethodFilter' to: [/*]
2019-05-18 10:48:16.267  INFO [tsf-book,,,] 14424 --- [localhost-startStop-1] o.s.b.w.servlet.FilterRegistrationBean   : Mapping filter: 'httpPutFormContentFilter' to: [/*]
2019-05-18 10:48:16.267  INFO [tsf-book,,,] 14424 --- [localhost-startStop-1] o.s.b.w.servlet.FilterRegistrationBean   : Mapping filter: 'requestContextFilter' to: [/*]
2019-05-18 10:48:16.267  INFO [tsf-book,,,] 14424 --- [localhost-startStop-1] o.s.b.w.servlet.FilterRegistrationBean   : Mapping filter: 'httpTraceFilter' to: [/*]
2019-05-18 10:48:16.267  INFO [tsf-book,,,] 14424 --- [localhost-startStop-1] o.s.b.w.servlet.ServletRegistrationBean  : Servlet dispatcherServlet mapped to [/]
2019-05-18 10:48:16.333  WARN [tsf-book,,,] 14424 --- [main] c.n.c.sources.URLConfigurationSource     : No URLs will be polled as dynamic configuration sources.
2019-05-18 10:48:16.333  INFO [tsf-book,,,] 14424 --- [main] c.n.c.sources.URLConfigurationSource     : To enable URLs as dynamic configuration sources, define System property archaius.configurationSource.additionalUrls or make config.properties available on classpath.
2019-05-18 10:48:16.418  INFO [tsf-book,,,] 14424 --- [main] o.s.w.s.handler.SimpleUrlHandlerMapping  : Mapped URL path [/**/favicon.ico] onto handler of type [class org.springframework.web.servlet.resource.ResourceHttpRequestHandler]
2019-05-18 10:48:16.669  INFO [tsf-book,,,] 14424 --- [main] s.w.s.m.m.a.RequestMappingHandlerAdapter : Looking for @ControllerAdvice: org.springframework.boot.web.servlet.context.AnnotationConfigServletWebServerApplicationContext@5b07730f: startup date [Sat May 18 10:48:12 CST 2019]; parent: org.springframework.context.annotation.AnnotationConfigApplicationContext@1165b38
2019-05-18 10:48:16.734  INFO [tsf-book,,,] 14424 --- [main] s.w.s.m.m.a.RequestMappingHandlerMapping : Mapped "{[/book/{id}]}" onto public com.tsf.tsfbook.Book com.tsf.tsfbook.BookController.getBook(java.lang.String)
2019-05-18 10:48:16.736  INFO [tsf-book,,,] 14424 --- [main] s.w.s.m.m.a.RequestMappingHandlerMapping : Mapped "{[/error]}" onto public org.springframework.http.ResponseEntity<java.util.Map<java.lang.String, java.lang.Object>> org.springframework.boot.autoconfigure.web.servlet.error.BasicErrorController.error(javax.servlet.http.HttpServletRequest)
2019-05-18 10:48:16.736  INFO [tsf-book,,,] 14424 --- [main] s.w.s.m.m.a.RequestMappingHandlerMapping : Mapped "{[/error],produces=[text/html]}" onto public org.springframework.web.servlet.ModelAndView org.springframework.boot.autoconfigure.web.servlet.error.BasicErrorController.errorHtml(javax.servlet.http.HttpServletRequest,javax.servlet.http.HttpServletResponse)
2019-05-18 10:48:16.776  INFO [tsf-book,,,] 14424 --- [main] o.s.w.s.handler.SimpleUrlHandlerMapping  : Mapped URL path [/webjars/**] onto handler of type [class org.springframework.web.servlet.resource.ResourceHttpRequestHandler]
2019-05-18 10:48:16.776  INFO [tsf-book,,,] 14424 --- [main] o.s.w.s.handler.SimpleUrlHandlerMapping  : Mapped URL path [/**] onto handler of type [class org.springframework.web.servlet.resource.ResourceHttpRequestHandler]
2019-05-18 10:48:17.201  INFO [tsf-book,,,] 14424 --- [main] o.s.s.c.ThreadPoolTaskScheduler          : Initializing ExecutorService 'catalogWatchTaskScheduler'
2019-05-18 10:48:17.373  INFO [tsf-book,,,] 14424 --- [main] o.s.s.c.ThreadPoolTaskScheduler          : Initializing ExecutorService 'configWatchTaskScheduler'
2019-05-18 10:48:17.572  INFO [tsf-book,,,] 14424 --- [main] o.s.aop.framework.CglibAopProxy          : Method [void java.util.concurrent.ScheduledThreadPoolExecutor.onShutdown()] is package-visible across different ClassLoaders and cannot get proxied via CGLIB: Declare this method as public or protected if you need to support invocations through the proxy.
2019-05-18 10:48:17.572  INFO [tsf-book,,,] 14424 --- [main] o.s.aop.framework.CglibAopProxy          : Method [boolean java.util.concurrent.ScheduledThreadPoolExecutor.canRunInCurrentRunState(boolean)] is package-visible across different ClassLoaders and cannot get proxied via CGLIB: Declare this method as public or protected if you need to support invocations through the proxy.
2019-05-18 10:48:17.572  INFO [tsf-book,,,] 14424 --- [main] o.s.aop.framework.CglibAopProxy          : Final method [final long java.util.concurrent.ScheduledThreadPoolExecutor.now()] cannot get proxied via CGLIB: Calls to this method will NOT be routed to the target instance and might lead to NPEs against uninitialized fields in the proxy instance.
2019-05-18 10:48:17.572  INFO [tsf-book,,,] 14424 --- [main] o.s.aop.framework.CglibAopProxy          : Method [void java.util.concurrent.ScheduledThreadPoolExecutor.reExecutePeriodic(java.util.concurrent.RunnableScheduledFuture)] is package-visible across different ClassLoaders and cannot get proxied via CGLIB: Declare this method as public or protected if you need to support invocations through the proxy.
2019-05-18 10:48:17.572  INFO [tsf-book,,,] 14424 --- [main] o.s.aop.framework.CglibAopProxy          : Method [long java.util.concurrent.ScheduledThreadPoolExecutor.triggerTime(long)] is package-visible across different ClassLoaders and cannot get proxied via CGLIB: Declare this method as public or protected if you need to support invocations through the proxy.
2019-05-18 10:48:17.572  INFO [tsf-book,,,] 14424 --- [main] o.s.aop.framework.CglibAopProxy          : Method [void java.util.concurrent.ThreadPoolExecutor.ensurePrestart()] is package-visible across different ClassLoaders and cannot get proxied via CGLIB: Declare this method as public or protected if you need to support invocations through the proxy.
2019-05-18 10:48:17.573  INFO [tsf-book,,,] 14424 --- [main] o.s.aop.framework.CglibAopProxy          : Final method [final boolean java.util.concurrent.ThreadPoolExecutor.isRunningOrShutdown(boolean)] cannot get proxied via CGLIB: Calls to this method will NOT be routed to the target instance and might lead to NPEs against uninitialized fields in the proxy instance.
2019-05-18 10:48:17.573  INFO [tsf-book,,,] 14424 --- [main] o.s.aop.framework.CglibAopProxy          : Method [void java.util.concurrent.ThreadPoolExecutor.onShutdown()] is package-visible across different ClassLoaders and cannot get proxied via CGLIB: Declare this method as public or protected if you need to support invocations through the proxy.
2019-05-18 10:48:17.573  INFO [tsf-book,,,] 14424 --- [main] o.s.aop.framework.CglibAopProxy          : Final method [final void java.util.concurrent.ThreadPoolExecutor.reject(java.lang.Runnable)] cannot get proxied via CGLIB: Calls to this method will NOT be routed to the target instance and might lead to NPEs against uninitialized fields in the proxy instance.
2019-05-18 10:48:17.573  INFO [tsf-book,,,] 14424 --- [main] o.s.aop.framework.CglibAopProxy          : Final method [final void java.util.concurrent.ThreadPoolExecutor.runWorker(java.util.concurrent.ThreadPoolExecutor$Worker)] cannot get proxied via CGLIB: Calls to this method will NOT be routed to the target instance and might lead to NPEs against uninitialized fields in the proxy instance.
2019-05-18 10:48:17.573  INFO [tsf-book,,,] 14424 --- [main] o.s.aop.framework.CglibAopProxy          : Final method [final void java.util.concurrent.ThreadPoolExecutor.tryTerminate()] cannot get proxied via CGLIB: Calls to this method will NOT be routed to the target instance and might lead to NPEs against uninitialized fields in the proxy instance.
2019-05-18 10:48:17.583  INFO [tsf-book,,,] 14424 --- [main] o.s.s.concurrent.ThreadPoolTaskExecutor  : Initializing ExecutorService
2019-05-18 10:48:17.587  INFO [tsf-book,,,] 14424 --- [main] o.s.s.concurrent.ThreadPoolTaskExecutor  : Initializing ExecutorService 'tsfThreadPoolTaskExecutor'
2019-05-18 10:48:17.620  INFO [tsf-book,,,] 14424 --- [main] o.s.b.a.e.web.EndpointLinksResolver      : Exposing 2 endpoint(s) beneath base path '/actuator'
2019-05-18 10:48:17.630  INFO [tsf-book,,,] 14424 --- [main] s.b.a.e.w.s.WebMvcEndpointHandlerMapping : Mapped "{[/actuator/health],methods=[GET],produces=[application/vnd.spring-boot.actuator.v2+json || application/json]}" onto public java.lang.Object org.springframework.boot.actuate.endpoint.web.servlet.AbstractWebMvcEndpointHandlerMapping$OperationHandler.handle(javax.servlet.http.HttpServletRequest,java.util.Map<java.lang.String, java.lang.String>)
2019-05-18 10:48:17.631  INFO [tsf-book,,,] 14424 --- [main] s.b.a.e.w.s.WebMvcEndpointHandlerMapping : Mapped "{[/actuator/info],methods=[GET],produces=[application/vnd.spring-boot.actuator.v2+json || application/json]}" onto public java.lang.Object org.springframework.boot.actuate.endpoint.web.servlet.AbstractWebMvcEndpointHandlerMapping$OperationHandler.handle(javax.servlet.http.HttpServletRequest,java.util.Map<java.lang.String, java.lang.String>)
2019-05-18 10:48:17.631  INFO [tsf-book,,,] 14424 --- [main] s.b.a.e.w.s.WebMvcEndpointHandlerMapping : Mapped "{[/actuator],methods=[GET],produces=[application/vnd.spring-boot.actuator.v2+json || application/json]}" onto protected java.util.Map<java.lang.String, java.util.Map<java.lang.String, org.springframework.boot.actuate.endpoint.web.Link>> org.springframework.boot.actuate.endpoint.web.servlet.WebMvcEndpointHandlerMapping.links(javax.servlet.http.HttpServletRequest,javax.servlet.http.HttpServletResponse)
2019-05-18 10:48:17.694  INFO [tsf-book,,,] 14424 --- [main] o.s.j.e.a.AnnotationMBeanExporter        : Registering beans for JMX exposure on startup
2019-05-18 10:48:17.701  INFO [tsf-book,,,] 14424 --- [main] o.s.j.e.a.AnnotationMBeanExporter        : Bean with name 'environmentManager' has been autodetected for JMX exposure
2019-05-18 10:48:17.701  INFO [tsf-book,,,] 14424 --- [main] o.s.j.e.a.AnnotationMBeanExporter        : Bean with name 'refreshScope' has been autodetected for JMX exposure
2019-05-18 10:48:17.702  INFO [tsf-book,,,] 14424 --- [main] o.s.j.e.a.AnnotationMBeanExporter        : Bean with name 'configurationPropertiesRebinder' has been autodetected for JMX exposure
2019-05-18 10:48:17.706  INFO [tsf-book,,,] 14424 --- [main] o.s.j.e.a.AnnotationMBeanExporter        : Located managed bean 'environmentManager': registering with JMX server as MBean [org.springframework.cloud.context.environment:name=environmentManager,type=EnvironmentManager]
2019-05-18 10:48:17.713  INFO [tsf-book,,,] 14424 --- [main] o.s.j.e.a.AnnotationMBeanExporter        : Located managed bean 'refreshScope': registering with JMX server as MBean [org.springframework.cloud.context.scope.refresh:name=refreshScope,type=RefreshScope]
2019-05-18 10:48:17.719  INFO [tsf-book,,,] 14424 --- [main] o.s.j.e.a.AnnotationMBeanExporter        : Located managed bean 'configurationPropertiesRebinder': registering with JMX server as MBean [org.springframework.cloud.context.properties:name=configurationPropertiesRebinder,context=5b07730f,type=ConfigurationPropertiesRebinder]
2019-05-18 10:48:17.748  INFO [tsf-book,,,] 14424 --- [main] o.s.c.support.DefaultLifecycleProcessor  : Starting beans in phase -1
2019-05-18 10:48:17.748  INFO [tsf-book,,,] 14424 --- [main] o.s.c.support.DefaultLifecycleProcessor  : Starting beans in phase 0
2019-05-18 10:48:17.790  INFO [tsf-book,,,] 14424 --- [pool-2-thread-2] o.s.c.t.r.sync.TsfRouteConsulKVLoader    : tsf route rule, routeRuleInfoMap: {}
2019-05-18 10:48:17.793  INFO [tsf-book,,,] 14424 --- [pool-2-thread-1] o.s.c.t.r.sync.TsfRouteConsulKVLoader    : tsf route affinity, affinity: true
2019-05-18 10:48:17.806  INFO [tsf-book,,,] 14424 --- [main] o.s.b.w.embedded.tomcat.TomcatWebServer  : Tomcat started on port(s): 18087 (http) with context path ''
2019-05-18 10:48:17.819  INFO [tsf-book,,,] 14424 --- [main] o.s.c.c.s.ConsulServiceRegistry          : Registering service with consul: TsfNewService{id='tsf-book-18087', name='tsf-book', tags=[secure=false], address='192.168.220.143', port=18087, meta={TSF_INSTNACE_ID=, TSF_PROG_VERSION=, TSF_REGION=, TSF_ZONE=, TSF_GROUP_ID=, TSF_APPLICATION_ID=}, enableTagOverride=null, check=Check{script='null', interval='null', ttl='30s', http='null', tcp='null', timeout='null', deregisterCriticalServiceAfter='null', tlsSkipVerify=null, status='null'}, checks=null}
2019-05-18 10:48:17.875  INFO [tsf-book,,,] 14424 --- [main] com.tsf.tsfbook.TsfBookApplication       : Started TsfBookApplication in 7.392 seconds (JVM running for 8.342)
2019-05-18 10:49:09.500  INFO [tsf-book,,,] 14424 --- [http-nio-18087-exec-1] o.a.c.c.C.[Tomcat].[localhost].[/]       : Initializing Spring FrameworkServlet 'dispatcherServlet'
2019-05-18 10:49:09.500  INFO [tsf-book,,,] 14424 --- [http-nio-18087-exec-1] o.s.web.servlet.DispatcherServlet        : FrameworkServlet 'dispatcherServlet': initialization started
2019-05-18 10:49:09.525  INFO [tsf-book,,,] 14424 --- [http-nio-18087-exec-1] o.s.web.servlet.DispatcherServlet        : FrameworkServlet 'dispatcherServlet': initialization completed in 25 ms
2019-05-18 10:52:04.378  INFO [tsf-book,,,] 5140 --- [main] com.tsf.tsfbook.TsfBookApplication       : No active profile set, falling back to default profiles: default
2019-05-18 10:52:04.395  INFO [tsf-book,,,] 5140 --- [main] ConfigServletWebServerApplicationContext : Refreshing org.springframework.boot.web.servlet.context.AnnotationConfigServletWebServerApplicationContext@40499e4f: startup date [Sat May 18 10:52:04 CST 2019]; parent: org.springframework.context.annotation.AnnotationConfigApplicationContext@7e6f74c
2019-05-18 10:52:04.966  INFO [tsf-book,,,] 5140 --- [main] o.s.b.f.s.DefaultListableBeanFactory     : Overriding bean definition for bean 'filterRegistrationBean' with a different definition: replacing [Root bean: class [null]; scope=; abstract=false; lazyInit=false; autowireMode=3; dependencyCheck=0; autowireCandidate=true; primary=false; factoryBeanName=org.springframework.tsf.core.config.ContextConfiguration; factoryMethodName=filterRegistrationBean; initMethodName=null; destroyMethodName=(inferred); defined in class path resource [org/springframework/tsf/core/config/ContextConfiguration.class]] with [Root bean: class [null]; scope=; abstract=false; lazyInit=false; autowireMode=3; dependencyCheck=0; autowireCandidate=true; primary=false; factoryBeanName=org.springframework.tsf.ratelimit.config.RatelimitConfiguration; factoryMethodName=filterRegistrationBean; initMethodName=null; destroyMethodName=(inferred); defined in class path resource [org/springframework/tsf/ratelimit/config/RatelimitConfiguration.class]]
2019-05-18 10:52:05.176  INFO [tsf-book,,,] 5140 --- [main] o.s.cloud.context.scope.GenericScope     : BeanFactory id=c8fd9bc9-836c-3b14-8346-8f1a448c8418
2019-05-18 10:52:05.190  INFO [tsf-book,,,] 5140 --- [main] f.a.AutowiredAnnotationBeanPostProcessor : JSR-330 'javax.inject.Inject' annotation found and supported for autowiring
2019-05-18 10:52:05.443  INFO [tsf-book,,,] 5140 --- [main] trationDelegate$BeanPostProcessorChecker : Bean 'org.springframework.cloud.autoconfigure.ConfigurationPropertiesRebinderAutoConfiguration' of type [org.springframework.cloud.autoconfigure.ConfigurationPropertiesRebinderAutoConfiguration$$EnhancerBySpringCGLIB$$fda864ab] is not eligible for getting processed by all BeanPostProcessors (for example: not eligible for auto-proxying)
2019-05-18 10:52:05.459  INFO [tsf-book,,,] 5140 --- [main] trationDelegate$BeanPostProcessorChecker : Bean 'org.springframework.cloud.consul.config.ConsulConfigAutoConfiguration$ConsulRefreshConfiguration' of type [org.springframework.cloud.consul.config.ConsulConfigAutoConfiguration$ConsulRefreshConfiguration$$EnhancerBySpringCGLIB$$f799afc3] is not eligible for getting processed by all BeanPostProcessors (for example: not eligible for auto-proxying)
2019-05-18 10:52:05.499  INFO [tsf-book,,,] 5140 --- [main] trationDelegate$BeanPostProcessorChecker : Bean 'org.springframework.cloud.tsf.route.config.TsfRouteFilterAutoConfiguration$TsfRouteAsyncRestTemplateConfig' of type [org.springframework.cloud.tsf.route.config.TsfRouteFilterAutoConfiguration$TsfRouteAsyncRestTemplateConfig$$EnhancerBySpringCGLIB$$1e702366] is not eligible for getting processed by all BeanPostProcessors (for example: not eligible for auto-proxying)
2019-05-18 10:52:05.508  INFO [tsf-book,,,] 5140 --- [main] trationDelegate$BeanPostProcessorChecker : Bean 'tsfRouteAsyncRestTemplateInterceptor' of type [org.springframework.cloud.tsf.route.interceptor.TsfRouteAsyncRestTemplateInterceptor] is not eligible for getting processed by all BeanPostProcessors (for example: not eligible for auto-proxying)
2019-05-18 10:52:05.516  INFO [tsf-book,,,] 5140 --- [main] trationDelegate$BeanPostProcessorChecker : Bean 'org.springframework.cloud.tsf.route.config.TsfRouteFilterAutoConfiguration$TsfRouteRestTemplateConfig' of type [org.springframework.cloud.tsf.route.config.TsfRouteFilterAutoConfiguration$TsfRouteRestTemplateConfig$$EnhancerBySpringCGLIB$$68db781c] is not eligible for getting processed by all BeanPostProcessors (for example: not eligible for auto-proxying)
2019-05-18 10:52:05.523  INFO [tsf-book,,,] 5140 --- [main] trationDelegate$BeanPostProcessorChecker : Bean 'tsfRouteRestTemplateInterceptor' of type [org.springframework.cloud.tsf.route.interceptor.TsfRouteRestTemplateInterceptor] is not eligible for getting processed by all BeanPostProcessors (for example: not eligible for auto-proxying)
2019-05-18 10:52:05.530  INFO [tsf-book,,,] 5140 --- [main] trationDelegate$BeanPostProcessorChecker : Bean 'org.springframework.tsf.core.config.ContextConfiguration$TsfAsyncRestTemplateConfig' of type [org.springframework.tsf.core.config.ContextConfiguration$TsfAsyncRestTemplateConfig$$EnhancerBySpringCGLIB$$edba81ca] is not eligible for getting processed by all BeanPostProcessors (for example: not eligible for auto-proxying)
2019-05-18 10:52:05.735  INFO [tsf-book,,,] 5140 --- [main] trationDelegate$BeanPostProcessorChecker : Bean 'org.springframework.tsf.core.entity.Metadata' of type [org.springframework.tsf.core.entity.Metadata$$EnhancerBySpringCGLIB$$b12b4e2c] is not eligible for getting processed by all BeanPostProcessors (for example: not eligible for auto-proxying)
2019-05-18 10:52:05.739  INFO [tsf-book,,,] 5140 --- [main] trationDelegate$BeanPostProcessorChecker : Bean 'tsfAsyncRestTemplateInterceptor' of type [org.springframework.tsf.core.filter.TsfAsyncRestTemplateInterceptor] is not eligible for getting processed by all BeanPostProcessors (for example: not eligible for auto-proxying)
2019-05-18 10:52:05.747  INFO [tsf-book,,,] 5140 --- [main] trationDelegate$BeanPostProcessorChecker : Bean 'org.springframework.tsf.core.config.ContextConfiguration$TsfRestTemplateConfig' of type [org.springframework.tsf.core.config.ContextConfiguration$TsfRestTemplateConfig$$EnhancerBySpringCGLIB$$c3a0ab38] is not eligible for getting processed by all BeanPostProcessors (for example: not eligible for auto-proxying)
2019-05-18 10:52:05.754  INFO [tsf-book,,,] 5140 --- [main] trationDelegate$BeanPostProcessorChecker : Bean 'tsfRestTemplateInterceptor' of type [org.springframework.tsf.core.filter.TsfRestTemplateInterceptor] is not eligible for getting processed by all BeanPostProcessors (for example: not eligible for auto-proxying)
2019-05-18 10:52:06.085  INFO [tsf-book,,,] 5140 --- [main] o.s.b.w.embedded.tomcat.TomcatWebServer  : Tomcat initialized with port(s): 18087 (http)
2019-05-18 10:52:06.106  INFO [tsf-book,,,] 5140 --- [main] o.apache.catalina.core.StandardService   : Starting service [Tomcat]
2019-05-18 10:52:06.106  INFO [tsf-book,,,] 5140 --- [main] org.apache.catalina.core.StandardEngine  : Starting Servlet Engine: Apache Tomcat/8.5.35
2019-05-18 10:52:06.109  INFO [tsf-book,,,] 5140 --- [localhost-startStop-1] o.a.catalina.core.AprLifecycleListener   : The APR based Apache Tomcat Native library which allows optimal performance in production environments was not found on the java.library.path: [C:\Program Files\Java\jdk1.8.0_201\bin;C:\Windows\Sun\Java\bin;C:\Windows\system32;C:\Windows;C:\Program Files (x86)\Common Files\Oracle\Java\javapath;C:\Program Files (x86)\Intel\Intel(R) Management Engine Components\iCLS\;C:\Program Files\Intel\Intel(R) Management Engine Components\iCLS\;C:\Windows\system32;C:\Windows;C:\Windows\System32\Wbem;C:\Windows\System32\WindowsPowerShell\v1.0\;C:\Windows\System32\OpenSSH\;C:\Program Files (x86)\Intel\Intel(R) Management Engine Components\DAL;C:\Program Files\Intel\Intel(R) Management Engine Components\DAL;C:\Program Files\Intel\WiFi\bin\;C:\Program Files\Common Files\Intel\WirelessCommon\;C:\Program Files (x86)\NVIDIA Corporation\PhysX\Common;D:\Git\cmd;C:\Program Files\Java\jdk1.8.0_201\jre\bin;C:\Program Files\Java\jdk1.8.0_201\bin;%Maven_Home%\bin;C:\Users\anchnet\AppData\Local\Microsoft\WindowsApps;;.]
2019-05-18 10:52:06.224  INFO [tsf-book,,,] 5140 --- [localhost-startStop-1] o.a.c.c.C.[Tomcat].[localhost].[/]       : Initializing Spring embedded WebApplicationContext
2019-05-18 10:52:06.224  INFO [tsf-book,,,] 5140 --- [localhost-startStop-1] o.s.web.context.ContextLoader            : Root WebApplicationContext: initialization completed in 1829 ms
2019-05-18 10:52:06.399  WARN [tsf-book,,,] 5140 --- [localhost-startStop-1] c.n.c.sources.URLConfigurationSource     : No URLs will be polled as dynamic configuration sources.
2019-05-18 10:52:06.399  INFO [tsf-book,,,] 5140 --- [localhost-startStop-1] c.n.c.sources.URLConfigurationSource     : To enable URLs as dynamic configuration sources, define System property archaius.configurationSource.additionalUrls or make config.properties available on classpath.
2019-05-18 10:52:06.406  INFO [tsf-book,,,] 5140 --- [localhost-startStop-1] c.netflix.config.DynamicPropertyFactory  : DynamicPropertyFactory is initialized with configuration sources: com.netflix.config.ConcurrentCompositeConfiguration@531df6d9
2019-05-18 10:52:07.893  INFO [tsf-book,,,] 5140 --- [localhost-startStop-1] o.s.b.w.servlet.FilterRegistrationBean   : Mapping filter: 'characterEncodingFilter' to: [/*]
2019-05-18 10:52:07.893  INFO [tsf-book,,,] 5140 --- [localhost-startStop-1] o.s.b.w.servlet.FilterRegistrationBean   : Mapping filter: 'webMvcMetricsFilter' to: [/*]
2019-05-18 10:52:07.893  INFO [tsf-book,,,] 5140 --- [localhost-startStop-1] o.s.b.w.servlet.FilterRegistrationBean   : Mapping filter: 'contextFilter' to: [/*]
2019-05-18 10:52:07.893  INFO [tsf-book,,,] 5140 --- [localhost-startStop-1] o.s.b.w.servlet.FilterRegistrationBean   : Mapping filter: 'tracingFilter' to: [/*]
2019-05-18 10:52:07.893  INFO [tsf-book,,,] 5140 --- [localhost-startStop-1] o.s.b.w.servlet.FilterRegistrationBean   : Mapping filter: 'exceptionLoggingFilter' to: [/*]
2019-05-18 10:52:07.893  INFO [tsf-book,,,] 5140 --- [localhost-startStop-1] o.s.b.w.servlet.FilterRegistrationBean   : Mapping filter: 'collectFilter' to: [/*]
2019-05-18 10:52:07.894  INFO [tsf-book,,,] 5140 --- [localhost-startStop-1] o.s.b.w.servlet.FilterRegistrationBean   : Mapping filter: 'hiddenHttpMethodFilter' to: [/*]
2019-05-18 10:52:07.894  INFO [tsf-book,,,] 5140 --- [localhost-startStop-1] o.s.b.w.servlet.FilterRegistrationBean   : Mapping filter: 'httpPutFormContentFilter' to: [/*]
2019-05-18 10:52:07.894  INFO [tsf-book,,,] 5140 --- [localhost-startStop-1] o.s.b.w.servlet.FilterRegistrationBean   : Mapping filter: 'requestContextFilter' to: [/*]
2019-05-18 10:52:07.894  INFO [tsf-book,,,] 5140 --- [localhost-startStop-1] o.s.b.w.servlet.FilterRegistrationBean   : Mapping filter: 'httpTraceFilter' to: [/*]
2019-05-18 10:52:07.894  INFO [tsf-book,,,] 5140 --- [localhost-startStop-1] o.s.b.w.servlet.ServletRegistrationBean  : Servlet dispatcherServlet mapped to [/]
2019-05-18 10:52:07.956  WARN [tsf-book,,,] 5140 --- [main] c.n.c.sources.URLConfigurationSource     : No URLs will be polled as dynamic configuration sources.
2019-05-18 10:52:07.956  INFO [tsf-book,,,] 5140 --- [main] c.n.c.sources.URLConfigurationSource     : To enable URLs as dynamic configuration sources, define System property archaius.configurationSource.additionalUrls or make config.properties available on classpath.
2019-05-18 10:52:08.040  INFO [tsf-book,,,] 5140 --- [main] o.s.w.s.handler.SimpleUrlHandlerMapping  : Mapped URL path [/**/favicon.ico] onto handler of type [class org.springframework.web.servlet.resource.ResourceHttpRequestHandler]
2019-05-18 10:52:08.282  INFO [tsf-book,,,] 5140 --- [main] s.w.s.m.m.a.RequestMappingHandlerAdapter : Looking for @ControllerAdvice: org.springframework.boot.web.servlet.context.AnnotationConfigServletWebServerApplicationContext@40499e4f: startup date [Sat May 18 10:52:04 CST 2019]; parent: org.springframework.context.annotation.AnnotationConfigApplicationContext@7e6f74c
2019-05-18 10:52:08.342  INFO [tsf-book,,,] 5140 --- [main] s.w.s.m.m.a.RequestMappingHandlerMapping : Mapped "{[/book/{id}]}" onto public com.tsf.tsfbook.Book com.tsf.tsfbook.BookController.getBook(java.lang.String)
2019-05-18 10:52:08.343  INFO [tsf-book,,,] 5140 --- [main] s.w.s.m.m.a.RequestMappingHandlerMapping : Mapped "{[/book/list]}" onto public java.util.List<com.tsf.tsfbook.Book> com.tsf.tsfbook.BookController.getBookList()
2019-05-18 10:52:08.344  INFO [tsf-book,,,] 5140 --- [main] s.w.s.m.m.a.RequestMappingHandlerMapping : Mapped "{[/error]}" onto public org.springframework.http.ResponseEntity<java.util.Map<java.lang.String, java.lang.Object>> org.springframework.boot.autoconfigure.web.servlet.error.BasicErrorController.error(javax.servlet.http.HttpServletRequest)
2019-05-18 10:52:08.345  INFO [tsf-book,,,] 5140 --- [main] s.w.s.m.m.a.RequestMappingHandlerMapping : Mapped "{[/error],produces=[text/html]}" onto public org.springframework.web.servlet.ModelAndView org.springframework.boot.autoconfigure.web.servlet.error.BasicErrorController.errorHtml(javax.servlet.http.HttpServletRequest,javax.servlet.http.HttpServletResponse)
2019-05-18 10:52:08.384  INFO [tsf-book,,,] 5140 --- [main] o.s.w.s.handler.SimpleUrlHandlerMapping  : Mapped URL path [/webjars/**] onto handler of type [class org.springframework.web.servlet.resource.ResourceHttpRequestHandler]
2019-05-18 10:52:08.384  INFO [tsf-book,,,] 5140 --- [main] o.s.w.s.handler.SimpleUrlHandlerMapping  : Mapped URL path [/**] onto handler of type [class org.springframework.web.servlet.resource.ResourceHttpRequestHandler]
2019-05-18 10:52:08.793  INFO [tsf-book,,,] 5140 --- [main] o.s.s.c.ThreadPoolTaskScheduler          : Initializing ExecutorService 'catalogWatchTaskScheduler'
2019-05-18 10:52:08.967  INFO [tsf-book,,,] 5140 --- [main] o.s.s.c.ThreadPoolTaskScheduler          : Initializing ExecutorService 'configWatchTaskScheduler'
2019-05-18 10:52:09.151  INFO [tsf-book,,,] 5140 --- [main] o.s.aop.framework.CglibAopProxy          : Method [boolean java.util.concurrent.ScheduledThreadPoolExecutor.canRunInCurrentRunState(boolean)] is package-visible across different ClassLoaders and cannot get proxied via CGLIB: Declare this method as public or protected if you need to support invocations through the proxy.
2019-05-18 10:52:09.151  INFO [tsf-book,,,] 5140 --- [main] o.s.aop.framework.CglibAopProxy          : Final method [final long java.util.concurrent.ScheduledThreadPoolExecutor.now()] cannot get proxied via CGLIB: Calls to this method will NOT be routed to the target instance and might lead to NPEs against uninitialized fields in the proxy instance.
2019-05-18 10:52:09.151  INFO [tsf-book,,,] 5140 --- [main] o.s.aop.framework.CglibAopProxy          : Method [void java.util.concurrent.ScheduledThreadPoolExecutor.reExecutePeriodic(java.util.concurrent.RunnableScheduledFuture)] is package-visible across different ClassLoaders and cannot get proxied via CGLIB: Declare this method as public or protected if you need to support invocations through the proxy.
2019-05-18 10:52:09.151  INFO [tsf-book,,,] 5140 --- [main] o.s.aop.framework.CglibAopProxy          : Method [long java.util.concurrent.ScheduledThreadPoolExecutor.triggerTime(long)] is package-visible across different ClassLoaders and cannot get proxied via CGLIB: Declare this method as public or protected if you need to support invocations through the proxy.
2019-05-18 10:52:09.151  INFO [tsf-book,,,] 5140 --- [main] o.s.aop.framework.CglibAopProxy          : Method [void java.util.concurrent.ScheduledThreadPoolExecutor.onShutdown()] is package-visible across different ClassLoaders and cannot get proxied via CGLIB: Declare this method as public or protected if you need to support invocations through the proxy.
2019-05-18 10:52:09.151  INFO [tsf-book,,,] 5140 --- [main] o.s.aop.framework.CglibAopProxy          : Method [void java.util.concurrent.ThreadPoolExecutor.ensurePrestart()] is package-visible across different ClassLoaders and cannot get proxied via CGLIB: Declare this method as public or protected if you need to support invocations through the proxy.
2019-05-18 10:52:09.151  INFO [tsf-book,,,] 5140 --- [main] o.s.aop.framework.CglibAopProxy          : Final method [final boolean java.util.concurrent.ThreadPoolExecutor.isRunningOrShutdown(boolean)] cannot get proxied via CGLIB: Calls to this method will NOT be routed to the target instance and might lead to NPEs against uninitialized fields in the proxy instance.
2019-05-18 10:52:09.151  INFO [tsf-book,,,] 5140 --- [main] o.s.aop.framework.CglibAopProxy          : Method [void java.util.concurrent.ThreadPoolExecutor.onShutdown()] is package-visible across different ClassLoaders and cannot get proxied via CGLIB: Declare this method as public or protected if you need to support invocations through the proxy.
2019-05-18 10:52:09.151  INFO [tsf-book,,,] 5140 --- [main] o.s.aop.framework.CglibAopProxy          : Final method [final void java.util.concurrent.ThreadPoolExecutor.reject(java.lang.Runnable)] cannot get proxied via CGLIB: Calls to this method will NOT be routed to the target instance and might lead to NPEs against uninitialized fields in the proxy instance.
2019-05-18 10:52:09.152  INFO [tsf-book,,,] 5140 --- [main] o.s.aop.framework.CglibAopProxy          : Final method [final void java.util.concurrent.ThreadPoolExecutor.runWorker(java.util.concurrent.ThreadPoolExecutor$Worker)] cannot get proxied via CGLIB: Calls to this method will NOT be routed to the target instance and might lead to NPEs against uninitialized fields in the proxy instance.
2019-05-18 10:52:09.152  INFO [tsf-book,,,] 5140 --- [main] o.s.aop.framework.CglibAopProxy          : Final method [final void java.util.concurrent.ThreadPoolExecutor.tryTerminate()] cannot get proxied via CGLIB: Calls to this method will NOT be routed to the target instance and might lead to NPEs against uninitialized fields in the proxy instance.
2019-05-18 10:52:09.161  INFO [tsf-book,,,] 5140 --- [main] o.s.s.concurrent.ThreadPoolTaskExecutor  : Initializing ExecutorService
2019-05-18 10:52:09.165  INFO [tsf-book,,,] 5140 --- [main] o.s.s.concurrent.ThreadPoolTaskExecutor  : Initializing ExecutorService 'tsfThreadPoolTaskExecutor'
2019-05-18 10:52:09.197  INFO [tsf-book,,,] 5140 --- [main] o.s.b.a.e.web.EndpointLinksResolver      : Exposing 2 endpoint(s) beneath base path '/actuator'
2019-05-18 10:52:09.206  INFO [tsf-book,,,] 5140 --- [main] s.b.a.e.w.s.WebMvcEndpointHandlerMapping : Mapped "{[/actuator/health],methods=[GET],produces=[application/vnd.spring-boot.actuator.v2+json || application/json]}" onto public java.lang.Object org.springframework.boot.actuate.endpoint.web.servlet.AbstractWebMvcEndpointHandlerMapping$OperationHandler.handle(javax.servlet.http.HttpServletRequest,java.util.Map<java.lang.String, java.lang.String>)
2019-05-18 10:52:09.207  INFO [tsf-book,,,] 5140 --- [main] s.b.a.e.w.s.WebMvcEndpointHandlerMapping : Mapped "{[/actuator/info],methods=[GET],produces=[application/vnd.spring-boot.actuator.v2+json || application/json]}" onto public java.lang.Object org.springframework.boot.actuate.endpoint.web.servlet.AbstractWebMvcEndpointHandlerMapping$OperationHandler.handle(javax.servlet.http.HttpServletRequest,java.util.Map<java.lang.String, java.lang.String>)
2019-05-18 10:52:09.207  INFO [tsf-book,,,] 5140 --- [main] s.b.a.e.w.s.WebMvcEndpointHandlerMapping : Mapped "{[/actuator],methods=[GET],produces=[application/vnd.spring-boot.actuator.v2+json || application/json]}" onto protected java.util.Map<java.lang.String, java.util.Map<java.lang.String, org.springframework.boot.actuate.endpoint.web.Link>> org.springframework.boot.actuate.endpoint.web.servlet.WebMvcEndpointHandlerMapping.links(javax.servlet.http.HttpServletRequest,javax.servlet.http.HttpServletResponse)
2019-05-18 10:52:09.263  INFO [tsf-book,,,] 5140 --- [main] o.s.j.e.a.AnnotationMBeanExporter        : Registering beans for JMX exposure on startup
2019-05-18 10:52:09.270  INFO [tsf-book,,,] 5140 --- [main] o.s.j.e.a.AnnotationMBeanExporter        : Bean with name 'environmentManager' has been autodetected for JMX exposure
2019-05-18 10:52:09.271  INFO [tsf-book,,,] 5140 --- [main] o.s.j.e.a.AnnotationMBeanExporter        : Bean with name 'refreshScope' has been autodetected for JMX exposure
2019-05-18 10:52:09.272  INFO [tsf-book,,,] 5140 --- [main] o.s.j.e.a.AnnotationMBeanExporter        : Bean with name 'configurationPropertiesRebinder' has been autodetected for JMX exposure
2019-05-18 10:52:09.276  INFO [tsf-book,,,] 5140 --- [main] o.s.j.e.a.AnnotationMBeanExporter        : Located managed bean 'environmentManager': registering with JMX server as MBean [org.springframework.cloud.context.environment:name=environmentManager,type=EnvironmentManager]
2019-05-18 10:52:09.282  INFO [tsf-book,,,] 5140 --- [main] o.s.j.e.a.AnnotationMBeanExporter        : Located managed bean 'refreshScope': registering with JMX server as MBean [org.springframework.cloud.context.scope.refresh:name=refreshScope,type=RefreshScope]
2019-05-18 10:52:09.290  INFO [tsf-book,,,] 5140 --- [main] o.s.j.e.a.AnnotationMBeanExporter        : Located managed bean 'configurationPropertiesRebinder': registering with JMX server as MBean [org.springframework.cloud.context.properties:name=configurationPropertiesRebinder,context=40499e4f,type=ConfigurationPropertiesRebinder]
2019-05-18 10:52:09.318  INFO [tsf-book,,,] 5140 --- [main] o.s.c.support.DefaultLifecycleProcessor  : Starting beans in phase -1
2019-05-18 10:52:09.318  INFO [tsf-book,,,] 5140 --- [main] o.s.c.support.DefaultLifecycleProcessor  : Starting beans in phase 0
2019-05-18 10:52:09.357  INFO [tsf-book,,,] 5140 --- [pool-2-thread-2] o.s.c.t.r.sync.TsfRouteConsulKVLoader    : tsf route rule, routeRuleInfoMap: {}
2019-05-18 10:52:09.357  INFO [tsf-book,,,] 5140 --- [pool-2-thread-1] o.s.c.t.r.sync.TsfRouteConsulKVLoader    : tsf route affinity, affinity: true
2019-05-18 10:52:09.374  INFO [tsf-book,,,] 5140 --- [main] o.s.b.w.embedded.tomcat.TomcatWebServer  : Tomcat started on port(s): 18087 (http) with context path ''
2019-05-18 10:52:09.386  INFO [tsf-book,,,] 5140 --- [main] o.s.c.c.s.ConsulServiceRegistry          : Registering service with consul: TsfNewService{id='tsf-book-18087', name='tsf-book', tags=[secure=false], address='192.168.220.143', port=18087, meta={TSF_INSTNACE_ID=, TSF_PROG_VERSION=, TSF_REGION=, TSF_ZONE=, TSF_GROUP_ID=, TSF_APPLICATION_ID=}, enableTagOverride=null, check=Check{script='null', interval='null', ttl='30s', http='null', tcp='null', timeout='null', deregisterCriticalServiceAfter='null', tlsSkipVerify=null, status='null'}, checks=null}
2019-05-18 10:52:09.422  INFO [tsf-book,,,] 5140 --- [main] com.tsf.tsfbook.TsfBookApplication       : Started TsfBookApplication in 6.88 seconds (JVM running for 7.683)
2019-05-18 10:52:42.732  INFO [tsf-book,,,] 5140 --- [http-nio-18087-exec-1] o.a.c.c.C.[Tomcat].[localhost].[/]       : Initializing Spring FrameworkServlet 'dispatcherServlet'
2019-05-18 10:52:42.733  INFO [tsf-book,,,] 5140 --- [http-nio-18087-exec-1] o.s.web.servlet.DispatcherServlet        : FrameworkServlet 'dispatcherServlet': initialization started
2019-05-18 10:52:42.757  INFO [tsf-book,,,] 5140 --- [http-nio-18087-exec-1] o.s.web.servlet.DispatcherServlet        : FrameworkServlet 'dispatcherServlet': initialization completed in 24 ms
